{"/home/caiquecamargo/github/templates/vue-vite-tailwind-template/src/components/shared/banner/TheBanner.vue": {"path":"/home/caiquecamargo/github/templates/vue-vite-tailwind-template/src/components/shared/banner/TheBanner.vue","statementMap":{"0":{"start":{"line":9,"column":0},"end":{"line":9,"column":null}},"1":{"start":{"line":11,"column":0},"end":{"line":11,"column":null}},"2":{"start":{"line":12,"column":0},"end":{"line":12,"column":null}},"3":{"start":{"line":13,"column":0},"end":{"line":13,"column":null}},"4":{"start":{"line":15,"column":0},"end":{"line":15,"column":15}},"5":{"start":{"line":27,"column":19},"end":{"line":27,"column":23}},"6":{"start":{"line":28,"column":27},"end":{"line":28,"column":40}},"7":{"start":{"line":30,"column":4},"end":{"line":30,"column":14}},"8":{"start":{"line":31,"column":6},"end":{"line":31,"column":20}},"9":{"start":{"line":34,"column":4},"end":{"line":34,"column":11}}},"fnMap":{"0":{"name":"(anonymous_0)","decl":{"start":{"line":26,"column":2},"end":{"line":26,"column":7}},"loc":{"start":{"line":26,"column":2},"end":{"line":37,"column":null}}},"1":{"name":"(anonymous_1)","decl":{"start":{"line":30,"column":14},"end":{"line":30,"column":null}},"loc":{"start":{"line":30,"column":14},"end":{"line":32,"column":null}}}},"branchMap":{},"s":{"0":1,"1":1,"2":1,"3":1,"4":1,"5":1,"6":1,"7":1,"8":1,"9":1},"f":{"0":1,"1":1},"b":{}}
,"/home/caiquecamargo/github/templates/vue-vite-tailwind-template/src/components/shared/banner/TheBannerContent.vue": {"path":"/home/caiquecamargo/github/templates/vue-vite-tailwind-template/src/components/shared/banner/TheBannerContent.vue","statementMap":{"0":{"start":{"line":10,"column":0},"end":{"line":10,"column":null}},"1":{"start":{"line":12,"column":0},"end":{"line":12,"column":15}}},"fnMap":{},"branchMap":{},"s":{"0":1,"1":1},"f":{},"b":{}}
,"/home/caiquecamargo/github/templates/vue-vite-tailwind-template/src/components/shared/button/TheButton.vue": {"path":"/home/caiquecamargo/github/templates/vue-vite-tailwind-template/src/components/shared/button/TheButton.vue","statementMap":{"0":{"start":{"line":8,"column":0},"end":{"line":8,"column":null}},"1":{"start":{"line":10,"column":0},"end":{"line":10,"column":15}}},"fnMap":{},"branchMap":{},"s":{"0":3,"1":3},"f":{},"b":{}}
,"/home/caiquecamargo/github/templates/vue-vite-tailwind-template/src/components/shared/button/TheButtonLinkExternal.vue": {"path":"/home/caiquecamargo/github/templates/vue-vite-tailwind-template/src/components/shared/button/TheButtonLinkExternal.vue","statementMap":{"0":{"start":{"line":8,"column":0},"end":{"line":8,"column":null}},"1":{"start":{"line":10,"column":0},"end":{"line":10,"column":15}}},"fnMap":{},"branchMap":{},"s":{"0":1,"1":1},"f":{},"b":{}}
,"/home/caiquecamargo/github/templates/vue-vite-tailwind-template/src/components/shared/button/TheButtonLinkInternal.vue": {"path":"/home/caiquecamargo/github/templates/vue-vite-tailwind-template/src/components/shared/button/TheButtonLinkInternal.vue","statementMap":{"0":{"start":{"line":12,"column":0},"end":{"line":12,"column":null}},"1":{"start":{"line":13,"column":0},"end":{"line":13,"column":null}},"2":{"start":{"line":14,"column":0},"end":{"line":14,"column":null}},"3":{"start":{"line":16,"column":0},"end":{"line":16,"column":15}},"4":{"start":{"line":32,"column":18},"end":{"line":32,"column":null}},"5":{"start":{"line":34,"column":21},"end":{"line":36,"column":null}},"6":{"start":{"line":35,"column":6},"end":{"line":35,"column":13}},"7":{"start":{"line":38,"column":26},"end":{"line":38,"column":35}},"8":{"start":{"line":39,"column":6},"end":{"line":39,"column":13}},"9":{"start":{"line":45,"column":4},"end":{"line":45,"column":11}}},"fnMap":{"0":{"name":"(anonymous_0)","decl":{"start":{"line":31,"column":7},"end":{"line":31,"column":8}},"loc":{"start":{"line":31,"column":13},"end":{"line":46,"column":null}}},"1":{"name":"(anonymous_1)","decl":{"start":{"line":34,"column":21},"end":{"line":34,"column":null}},"loc":{"start":{"line":34,"column":21},"end":{"line":36,"column":null}}},"2":{"name":"(anonymous_2)","decl":{"start":{"line":38,"column":35},"end":{"line":38,"column":null}},"loc":{"start":{"line":38,"column":35},"end":{"line":43,"column":null}}}},"branchMap":{"0":{"loc":{"start":{"line":40,"column":8},"end":{"line":40,"column":22}},"type":"binary-expr","locations":[{"start":{"line":40,"column":8},"end":{"line":40,"column":22}},{"start":{"line":40,"column":22},"end":{"line":40,"column":null}}]},"1":{"loc":{"start":{"line":41,"column":8},"end":{"line":41,"column":22}},"type":"binary-expr","locations":[{"start":{"line":41,"column":8},"end":{"line":41,"column":22}},{"start":{"line":41,"column":22},"end":{"line":41,"column":36}},{"start":{"line":41,"column":36},"end":{"line":41,"column":null}}]}},"s":{"0":1,"1":1,"2":1,"3":1,"4":1,"5":1,"6":2,"7":1,"8":1,"9":1},"f":{"0":1,"1":2,"2":1},"b":{"0":[1,1],"1":[1,1,1]}}
,"/home/caiquecamargo/github/templates/vue-vite-tailwind-template/src/components/shared/button/TheButtonSandwich.vue": {"path":"/home/caiquecamargo/github/templates/vue-vite-tailwind-template/src/components/shared/button/TheButtonSandwich.vue","statementMap":{"0":{"start":{"line":10,"column":0},"end":{"line":10,"column":null}},"1":{"start":{"line":11,"column":0},"end":{"line":11,"column":null}},"2":{"start":{"line":12,"column":0},"end":{"line":12,"column":null}},"3":{"start":{"line":14,"column":0},"end":{"line":14,"column":15}},"4":{"start":{"line":16,"column":19},"end":{"line":16,"column":24}},"5":{"start":{"line":17,"column":30},"end":{"line":17,"column":34}},"6":{"start":{"line":19,"column":4},"end":{"line":19,"column":14}},"7":{"start":{"line":20,"column":6},"end":{"line":20,"column":25}},"8":{"start":{"line":23,"column":4},"end":{"line":23,"column":11}}},"fnMap":{"0":{"name":"(anonymous_0)","decl":{"start":{"line":15,"column":2},"end":{"line":15,"column":7}},"loc":{"start":{"line":15,"column":2},"end":{"line":27,"column":null}}},"1":{"name":"(anonymous_1)","decl":{"start":{"line":19,"column":14},"end":{"line":19,"column":null}},"loc":{"start":{"line":19,"column":14},"end":{"line":21,"column":null}}}},"branchMap":{},"s":{"0":3,"1":3,"2":3,"3":3,"4":3,"5":3,"6":3,"7":3,"8":3},"f":{"0":3,"1":3},"b":{}}
,"/home/caiquecamargo/github/templates/vue-vite-tailwind-template/src/components/shared/button/controllers/AnimeFloatButton.ts": {"path":"/home/caiquecamargo/github/templates/vue-vite-tailwind-template/src/components/shared/button/controllers/AnimeFloatButton.ts","statementMap":{"0":{"start":{"line":1,"column":0},"end":{"line":1,"column":47}},"1":{"start":{"line":2,"column":0},"end":{"line":2,"column":54}},"2":{"start":{"line":4,"column":0},"end":{"line":4,"column":null}},"3":{"start":{"line":5,"column":2},"end":{"line":5,"column":null}},"4":{"start":{"line":6,"column":2},"end":{"line":6,"column":null}},"5":{"start":{"line":7,"column":2},"end":{"line":7,"column":null}},"6":{"start":{"line":8,"column":2},"end":{"line":8,"column":null}},"7":{"start":{"line":17,"column":4},"end":{"line":17,"column":12}},"8":{"start":{"line":14,"column":2},"end":{"line":14,"column":60}},"9":{"start":{"line":18,"column":4},"end":{"line":18,"column":28}},"10":{"start":{"line":19,"column":4},"end":{"line":19,"column":52}},"11":{"start":{"line":23,"column":4},"end":{"line":23,"column":57}},"12":{"start":{"line":27,"column":4},"end":{"line":27,"column":57}},"13":{"start":{"line":31,"column":4},"end":{"line":31,"column":57}},"14":{"start":{"line":35,"column":4},"end":{"line":70,"column":null}},"15":{"start":{"line":74,"column":4},"end":{"line":82,"column":null}},"16":{"start":{"line":84,"column":4},"end":{"line":84,"column":48}},"17":{"start":{"line":88,"column":4},"end":{"line":94,"column":null}},"18":{"start":{"line":96,"column":4},"end":{"line":96,"column":48}},"19":{"start":{"line":100,"column":4},"end":{"line":111,"column":null}},"20":{"start":{"line":113,"column":4},"end":{"line":113,"column":48}},"21":{"start":{"line":11,"column":0},"end":{"line":11,"column":13}}},"fnMap":{"0":{"name":"(anonymous_0)","decl":{"start":{"line":4,"column":0},"end":{"line":4,"column":12}},"loc":{"start":{"line":4,"column":33},"end":{"line":9,"column":1}}},"1":{"name":"(anonymous_1)","decl":{"start":{"line":16,"column":2},"end":{"line":16,"column":14}},"loc":{"start":{"line":16,"column":34},"end":{"line":20,"column":3}}},"2":{"name":"(anonymous_2)","decl":{"start":{"line":22,"column":2},"end":{"line":22,"column":11}},"loc":{"start":{"line":22,"column":11},"end":{"line":24,"column":3}}},"3":{"name":"(anonymous_3)","decl":{"start":{"line":26,"column":2},"end":{"line":26,"column":11}},"loc":{"start":{"line":26,"column":11},"end":{"line":28,"column":3}}},"4":{"name":"(anonymous_4)","decl":{"start":{"line":30,"column":2},"end":{"line":30,"column":11}},"loc":{"start":{"line":30,"column":11},"end":{"line":32,"column":3}}},"5":{"name":"(anonymous_5)","decl":{"start":{"line":34,"column":12},"end":{"line":34,"column":27}},"loc":{"start":{"line":34,"column":48},"end":{"line":71,"column":3}}},"6":{"name":"(anonymous_6)","decl":{"start":{"line":73,"column":2},"end":{"line":73,"column":9}},"loc":{"start":{"line":73,"column":9},"end":{"line":85,"column":3}}},"7":{"name":"(anonymous_7)","decl":{"start":{"line":87,"column":2},"end":{"line":87,"column":9}},"loc":{"start":{"line":87,"column":9},"end":{"line":97,"column":3}}},"8":{"name":"(anonymous_8)","decl":{"start":{"line":99,"column":2},"end":{"line":99,"column":9}},"loc":{"start":{"line":99,"column":9},"end":{"line":114,"column":3}}}},"branchMap":{"0":{"loc":{"start":{"line":4,"column":12},"end":{"line":4,"column":33}},"type":"binary-expr","locations":[{"start":{"line":4,"column":12},"end":{"line":4,"column":33}},{"start":{"line":4,"column":12},"end":{"line":4,"column":null}}]}},"s":{"0":1,"1":1,"2":1,"3":1,"4":1,"5":1,"6":1,"7":3,"8":3,"9":3,"10":3,"11":3,"12":3,"13":3,"14":3,"15":1,"16":1,"17":1,"18":1,"19":1,"20":1,"21":1},"f":{"0":1,"1":3,"2":3,"3":3,"4":3,"5":3,"6":1,"7":1,"8":1},"b":{"0":[1,1]}}
,"/home/caiquecamargo/github/templates/vue-vite-tailwind-template/src/components/shared/button/controllers/AnimeSandwich.ts": {"path":"/home/caiquecamargo/github/templates/vue-vite-tailwind-template/src/components/shared/button/controllers/AnimeSandwich.ts","statementMap":{"0":{"start":{"line":1,"column":0},"end":{"line":1,"column":47}},"1":{"start":{"line":2,"column":0},"end":{"line":2,"column":54}},"2":{"start":{"line":8,"column":4},"end":{"line":8,"column":12}},"3":{"start":{"line":9,"column":4},"end":{"line":9,"column":52}},"4":{"start":{"line":12,"column":4},"end":{"line":34,"column":null}},"5":{"start":{"line":20,"column":10},"end":{"line":20,"column":41}},"6":{"start":{"line":20,"column":27},"end":{"line":20,"column":41}},"7":{"start":{"line":23,"column":22},"end":{"line":23,"column":23}},"8":{"start":{"line":24,"column":10},"end":{"line":24,"column":36}},"9":{"start":{"line":24,"column":27},"end":{"line":24,"column":36}},"10":{"start":{"line":25,"column":10},"end":{"line":25,"column":36}},"11":{"start":{"line":30,"column":22},"end":{"line":30,"column":24}},"12":{"start":{"line":31,"column":10},"end":{"line":31,"column":36}},"13":{"start":{"line":31,"column":27},"end":{"line":31,"column":36}},"14":{"start":{"line":32,"column":10},"end":{"line":32,"column":36}},"15":{"start":{"line":4,"column":0},"end":{"line":4,"column":13}}},"fnMap":{"0":{"name":"(anonymous_0)","decl":{"start":{"line":7,"column":2},"end":{"line":7,"column":14}},"loc":{"start":{"line":7,"column":34},"end":{"line":10,"column":3}}},"1":{"name":"(anonymous_1)","decl":{"start":{"line":11,"column":12},"end":{"line":11,"column":27}},"loc":{"start":{"line":11,"column":48},"end":{"line":35,"column":3}}},"2":{"name":"(anonymous_2)","decl":{"start":{"line":19,"column":17},"end":{"line":19,"column":18}},"loc":{"start":{"line":19,"column":52},"end":{"line":21,"column":9}}},"3":{"name":"(anonymous_3)","decl":{"start":{"line":22,"column":20},"end":{"line":22,"column":21}},"loc":{"start":{"line":22,"column":55},"end":{"line":26,"column":9}}},"4":{"name":"(anonymous_4)","decl":{"start":{"line":29,"column":17},"end":{"line":29,"column":18}},"loc":{"start":{"line":29,"column":52},"end":{"line":33,"column":9}}}},"branchMap":{"0":{"loc":{"start":{"line":20,"column":10},"end":{"line":20,"column":41}},"type":"if","locations":[{"start":{"line":20,"column":10},"end":{"line":20,"column":41}},{"start":{"line":20,"column":10},"end":{"line":20,"column":41}}]},"1":{"loc":{"start":{"line":24,"column":10},"end":{"line":24,"column":36}},"type":"if","locations":[{"start":{"line":24,"column":10},"end":{"line":24,"column":36}},{"start":{"line":24,"column":10},"end":{"line":24,"column":36}}]},"2":{"loc":{"start":{"line":25,"column":25},"end":{"line":25,"column":29}},"type":"cond-expr","locations":[{"start":{"line":25,"column":25},"end":{"line":25,"column":29}},{"start":{"line":25,"column":32},"end":{"line":25,"column":35}}]},"3":{"loc":{"start":{"line":31,"column":10},"end":{"line":31,"column":36}},"type":"if","locations":[{"start":{"line":31,"column":10},"end":{"line":31,"column":36}},{"start":{"line":31,"column":10},"end":{"line":31,"column":36}}]},"4":{"loc":{"start":{"line":32,"column":25},"end":{"line":32,"column":29}},"type":"cond-expr","locations":[{"start":{"line":32,"column":25},"end":{"line":32,"column":29}},{"start":{"line":32,"column":32},"end":{"line":32,"column":35}}]}},"s":{"0":3,"1":3,"2":3,"3":3,"4":3,"5":9,"6":3,"7":9,"8":9,"9":3,"10":6,"11":9,"12":9,"13":3,"14":6,"15":3},"f":{"0":3,"1":3,"2":9,"3":9,"4":9},"b":{"0":[3,6],"1":[3,6],"2":[3,3],"3":[3,6],"4":[3,3]}}
,"/home/caiquecamargo/github/templates/vue-vite-tailwind-template/src/components/shared/container/TheContainerGrid.vue": {"path":"/home/caiquecamargo/github/templates/vue-vite-tailwind-template/src/components/shared/container/TheContainerGrid.vue","statementMap":{"0":{"start":{"line":10,"column":0},"end":{"line":10,"column":null}},"1":{"start":{"line":12,"column":0},"end":{"line":12,"column":15}}},"fnMap":{},"branchMap":{},"s":{"0":2,"1":2},"f":{},"b":{}}
,"/home/caiquecamargo/github/templates/vue-vite-tailwind-template/src/components/shared/container/TheContainerGridLoader.vue": {"path":"/home/caiquecamargo/github/templates/vue-vite-tailwind-template/src/components/shared/container/TheContainerGridLoader.vue","statementMap":{"0":{"start":{"line":33,"column":0},"end":{"line":33,"column":null}},"1":{"start":{"line":34,"column":0},"end":{"line":34,"column":null}},"2":{"start":{"line":35,"column":0},"end":{"line":35,"column":null}},"3":{"start":{"line":36,"column":0},"end":{"line":36,"column":null}},"4":{"start":{"line":37,"column":0},"end":{"line":37,"column":null}},"5":{"start":{"line":38,"column":0},"end":{"line":38,"column":null}},"6":{"start":{"line":39,"column":0},"end":{"line":39,"column":null}},"7":{"start":{"line":42,"column":0},"end":{"line":42,"column":15}},"8":{"start":{"line":60,"column":17},"end":{"line":60,"column":19}},"9":{"start":{"line":61,"column":28},"end":{"line":61,"column":32}},"10":{"start":{"line":62,"column":4},"end":{"line":62,"column":19}},"11":{"start":{"line":64,"column":22},"end":{"line":64,"column":null}},"12":{"start":{"line":66,"column":22},"end":{"line":71,"column":null}},"13":{"start":{"line":67,"column":26},"end":{"line":67,"column":null}},"14":{"start":{"line":68,"column":18},"end":{"line":68,"column":null}},"15":{"start":{"line":70,"column":6},"end":{"line":70,"column":13}},"16":{"start":{"line":73,"column":21},"end":{"line":73,"column":null}},"17":{"start":{"line":73,"column":27},"end":{"line":73,"column":31}},"18":{"start":{"line":75,"column":4},"end":{"line":75,"column":11}}},"fnMap":{"0":{"name":"(anonymous_0)","decl":{"start":{"line":60,"column":2},"end":{"line":60,"column":7}},"loc":{"start":{"line":60,"column":19},"end":{"line":80,"column":null}}},"1":{"name":"(anonymous_1)","decl":{"start":{"line":66,"column":22},"end":{"line":66,"column":23}},"loc":{"start":{"line":66,"column":36},"end":{"line":71,"column":null}}},"2":{"name":"(anonymous_2)","decl":{"start":{"line":73,"column":21},"end":{"line":73,"column":27}},"loc":{"start":{"line":73,"column":21},"end":{"line":73,"column":null}}}},"branchMap":{},"s":{"0":1,"1":1,"2":1,"3":1,"4":1,"5":1,"6":1,"7":1,"8":3,"9":3,"10":3,"11":3,"12":3,"13":3,"14":3,"15":3,"16":3,"17":1,"18":3},"f":{"0":3,"1":3,"2":1},"b":{}}
,"/home/caiquecamargo/github/templates/vue-vite-tailwind-template/src/components/shared/container/TheContainerGridTwo.vue": {"path":"/home/caiquecamargo/github/templates/vue-vite-tailwind-template/src/components/shared/container/TheContainerGridTwo.vue","statementMap":{"0":{"start":{"line":10,"column":0},"end":{"line":10,"column":null}},"1":{"start":{"line":12,"column":0},"end":{"line":12,"column":15}}},"fnMap":{},"branchMap":{},"s":{"0":1,"1":1},"f":{},"b":{}}
,"/home/caiquecamargo/github/templates/vue-vite-tailwind-template/src/components/shared/container/TheContainerLoader.vue": {"path":"/home/caiquecamargo/github/templates/vue-vite-tailwind-template/src/components/shared/container/TheContainerLoader.vue","statementMap":{"0":{"start":{"line":8,"column":0},"end":{"line":8,"column":null}},"1":{"start":{"line":10,"column":0},"end":{"line":10,"column":null}},"2":{"start":{"line":11,"column":0},"end":{"line":11,"column":null}},"3":{"start":{"line":13,"column":0},"end":{"line":13,"column":15}},"4":{"start":{"line":15,"column":21},"end":{"line":15,"column":44}},"5":{"start":{"line":16,"column":20},"end":{"line":16,"column":null}},"6":{"start":{"line":18,"column":4},"end":{"line":18,"column":14}},"7":{"start":{"line":19,"column":27},"end":{"line":19,"column":38}},"8":{"start":{"line":20,"column":6},"end":{"line":20,"column":14}},"9":{"start":{"line":23,"column":4},"end":{"line":23,"column":11}}},"fnMap":{"0":{"name":"(anonymous_0)","decl":{"start":{"line":14,"column":2},"end":{"line":14,"column":7}},"loc":{"start":{"line":14,"column":2},"end":{"line":26,"column":null}}},"1":{"name":"(anonymous_1)","decl":{"start":{"line":18,"column":14},"end":{"line":18,"column":null}},"loc":{"start":{"line":18,"column":14},"end":{"line":21,"column":null}}}},"branchMap":{},"s":{"0":2,"1":2,"2":2,"3":2,"4":1,"5":1,"6":1,"7":1,"8":1,"9":1},"f":{"0":1,"1":1},"b":{}}
,"/home/caiquecamargo/github/templates/vue-vite-tailwind-template/src/components/shared/container/controller/elementObserver.ts": {"path":"/home/caiquecamargo/github/templates/vue-vite-tailwind-template/src/components/shared/container/controller/elementObserver.ts","statementMap":{"0":{"start":{"line":2,"column":0},"end":{"line":2,"column":64}},"1":{"start":{"line":3,"column":0},"end":{"line":3,"column":60}},"2":{"start":{"line":5,"column":13},"end":{"line":6,"column":28}},"3":{"start":{"line":12,"column":4},"end":{"line":12,"column":30}},"4":{"start":{"line":18,"column":12},"end":{"line":32,"column":4}},"5":{"start":{"line":22,"column":4},"end":{"line":31,"column":7}},"6":{"start":{"line":23,"column":6},"end":{"line":30,"column":null}},"7":{"start":{"line":24,"column":24},"end":{"line":24,"column":51}},"8":{"start":{"line":25,"column":22},"end":{"line":25,"column":51}},"9":{"start":{"line":26,"column":26},"end":{"line":26,"column":69}},"10":{"start":{"line":27,"column":8},"end":{"line":27,"column":28}},"11":{"start":{"line":29,"column":8},"end":{"line":29,"column":36}},"12":{"start":{"line":13,"column":4},"end":{"line":15,"column":7}},"13":{"start":{"line":8,"column":0},"end":{"line":8,"column":13}}},"fnMap":{"0":{"name":"(anonymous_0)","decl":{"start":{"line":11,"column":2},"end":{"line":11,"column":null}},"loc":{"start":{"line":11,"column":2},"end":{"line":16,"column":3}}},"1":{"name":"(anonymous_1)","decl":{"start":{"line":18,"column":61},"end":{"line":18,"column":null}},"loc":{"start":{"line":21,"column":6},"end":{"line":32,"column":3}}},"2":{"name":"(anonymous_2)","decl":{"start":{"line":22,"column":20},"end":{"line":22,"column":21}},"loc":{"start":{"line":22,"column":30},"end":{"line":31,"column":5}}}},"branchMap":{"0":{"loc":{"start":{"line":23,"column":6},"end":{"line":30,"column":null}},"type":"if","locations":[{"start":{"line":23,"column":6},"end":{"line":30,"column":null}},{"start":{"line":23,"column":6},"end":{"line":30,"column":null}}]}},"s":{"0":4,"1":4,"2":4,"3":7,"4":7,"5":2,"6":2,"7":1,"8":1,"9":1,"10":1,"11":1,"12":7,"13":4},"f":{"0":7,"1":2,"2":2},"b":{"0":[1,1]}}
,"/home/caiquecamargo/github/templates/vue-vite-tailwind-template/src/components/shared/filters/TheFiltersContainer.vue": {"path":"/home/caiquecamargo/github/templates/vue-vite-tailwind-template/src/components/shared/filters/TheFiltersContainer.vue","statementMap":{"0":{"start":{"line":8,"column":0},"end":{"line":8,"column":null}},"1":{"start":{"line":10,"column":0},"end":{"line":10,"column":15}}},"fnMap":{},"branchMap":{},"s":{"0":1,"1":1},"f":{},"b":{}}
,"/home/caiquecamargo/github/templates/vue-vite-tailwind-template/src/components/shared/footer/TheFooter.vue": {"path":"/home/caiquecamargo/github/templates/vue-vite-tailwind-template/src/components/shared/footer/TheFooter.vue","statementMap":{"0":{"start":{"line":11,"column":0},"end":{"line":11,"column":null}},"1":{"start":{"line":12,"column":0},"end":{"line":12,"column":null}},"2":{"start":{"line":13,"column":0},"end":{"line":13,"column":null}},"3":{"start":{"line":15,"column":0},"end":{"line":15,"column":15}}},"fnMap":{},"branchMap":{},"s":{"0":1,"1":1,"2":1,"3":1},"f":{},"b":{}}
,"/home/caiquecamargo/github/templates/vue-vite-tailwind-template/src/components/shared/footer/TheFooterContainer.vue": {"path":"/home/caiquecamargo/github/templates/vue-vite-tailwind-template/src/components/shared/footer/TheFooterContainer.vue","statementMap":{"0":{"start":{"line":10,"column":0},"end":{"line":10,"column":null}},"1":{"start":{"line":12,"column":0},"end":{"line":12,"column":15}}},"fnMap":{},"branchMap":{},"s":{"0":2,"1":2},"f":{},"b":{}}
,"/home/caiquecamargo/github/templates/vue-vite-tailwind-template/src/components/shared/footer/TheFooterDeveloperDescription.vue": {"path":"/home/caiquecamargo/github/templates/vue-vite-tailwind-template/src/components/shared/footer/TheFooterDeveloperDescription.vue","statementMap":{"0":{"start":{"line":15,"column":0},"end":{"line":15,"column":null}},"1":{"start":{"line":17,"column":0},"end":{"line":17,"column":15}}},"fnMap":{},"branchMap":{},"s":{"0":2,"1":2},"f":{},"b":{}}
,"/home/caiquecamargo/github/templates/vue-vite-tailwind-template/src/components/shared/footer/TheFooterHeader.vue": {"path":"/home/caiquecamargo/github/templates/vue-vite-tailwind-template/src/components/shared/footer/TheFooterHeader.vue","statementMap":{"0":{"start":{"line":8,"column":0},"end":{"line":8,"column":null}},"1":{"start":{"line":10,"column":0},"end":{"line":10,"column":15}}},"fnMap":{},"branchMap":{},"s":{"0":1,"1":1},"f":{},"b":{}}
,"/home/caiquecamargo/github/templates/vue-vite-tailwind-template/src/components/shared/footer/TheFooterSection.vue": {"path":"/home/caiquecamargo/github/templates/vue-vite-tailwind-template/src/components/shared/footer/TheFooterSection.vue","statementMap":{"0":{"start":{"line":8,"column":0},"end":{"line":8,"column":null}},"1":{"start":{"line":10,"column":0},"end":{"line":10,"column":15}}},"fnMap":{},"branchMap":{},"s":{"0":1,"1":1},"f":{},"b":{}}
,"/home/caiquecamargo/github/templates/vue-vite-tailwind-template/src/components/shared/forms/FormContato.vue": {"path":"/home/caiquecamargo/github/templates/vue-vite-tailwind-template/src/components/shared/forms/FormContato.vue","statementMap":{"0":{"start":{"line":34,"column":0},"end":{"line":34,"column":null}},"1":{"start":{"line":35,"column":0},"end":{"line":35,"column":null}},"2":{"start":{"line":36,"column":0},"end":{"line":36,"column":null}},"3":{"start":{"line":37,"column":0},"end":{"line":37,"column":null}},"4":{"start":{"line":38,"column":0},"end":{"line":38,"column":null}},"5":{"start":{"line":40,"column":0},"end":{"line":40,"column":15}},"6":{"start":{"line":42,"column":2},"end":{"line":42,"column":7}},"7":{"start":{"line":43,"column":17},"end":{"line":43,"column":21}},"8":{"start":{"line":44,"column":18},"end":{"line":44,"column":22}},"9":{"start":{"line":45,"column":22},"end":{"line":45,"column":26}},"10":{"start":{"line":46,"column":24},"end":{"line":46,"column":28}},"11":{"start":{"line":47,"column":17},"end":{"line":47,"column":21}},"12":{"start":{"line":49,"column":24},"end":{"line":65,"column":null}},"13":{"start":{"line":49,"column":24},"end":{"line":49,"column":null}},"14":{"start":{"line":50,"column":12},"end":{"line":50,"column":20}},"15":{"start":{"line":55,"column":8},"end":{"line":55,"column":14}},"16":{"start":{"line":61,"column":8},"end":{"line":61,"column":14}},"17":{"start":{"line":63,"column":8},"end":{"line":63,"column":14}},"18":{"start":{"line":67,"column":4},"end":{"line":67,"column":11}}},"fnMap":{"0":{"name":"(anonymous_0)","decl":{"start":{"line":42,"column":2},"end":{"line":42,"column":7}},"loc":{"start":{"line":42,"column":2},"end":{"line":75,"column":null}}},"1":{"name":"(anonymous_1)","decl":{"start":{"line":49,"column":24},"end":{"line":49,"column":null}},"loc":{"start":{"line":49,"column":24},"end":{"line":65,"column":null}}}},"branchMap":{},"s":{"0":1,"1":1,"2":1,"3":1,"4":1,"5":1,"6":3,"7":3,"8":3,"9":3,"10":3,"11":3,"12":3,"13":2,"14":2,"15":4,"16":1,"17":1,"18":3},"f":{"0":3,"1":4},"b":{}}
,"/home/caiquecamargo/github/templates/vue-vite-tailwind-template/src/components/shared/forms/FormField.vue": {"path":"/home/caiquecamargo/github/templates/vue-vite-tailwind-template/src/components/shared/forms/FormField.vue","statementMap":{"0":{"start":{"line":33,"column":0},"end":{"line":33,"column":null}},"1":{"start":{"line":35,"column":0},"end":{"line":35,"column":15}},"2":{"start":{"line":46,"column":8},"end":{"line":46,"column":15}},"3":{"start":{"line":66,"column":21},"end":{"line":66,"column":23}},"4":{"start":{"line":67,"column":37},"end":{"line":67,"column":44}},"5":{"start":{"line":67,"column":26},"end":{"line":67,"column":28}},"6":{"start":{"line":67,"column":32},"end":{"line":67,"column":37}},"7":{"start":{"line":68,"column":19},"end":{"line":68,"column":23}},"8":{"start":{"line":70,"column":18},"end":{"line":70,"column":27}},"9":{"start":{"line":72,"column":8},"end":{"line":72,"column":49}},"10":{"start":{"line":72,"column":42},"end":{"line":72,"column":49}},"11":{"start":{"line":73,"column":8},"end":{"line":73,"column":15}},"12":{"start":{"line":76,"column":8},"end":{"line":76,"column":42}},"13":{"start":{"line":76,"column":37},"end":{"line":76,"column":42}},"14":{"start":{"line":77,"column":8},"end":{"line":77,"column":12}},"15":{"start":{"line":81,"column":20},"end":{"line":81,"column":29}},"16":{"start":{"line":82,"column":6},"end":{"line":82,"column":34}},"17":{"start":{"line":82,"column":27},"end":{"line":82,"column":34}},"18":{"start":{"line":83,"column":6},"end":{"line":83,"column":13}},"19":{"start":{"line":86,"column":4},"end":{"line":86,"column":null}},"20":{"start":{"line":87,"column":12},"end":{"line":87,"column":26}},"21":{"start":{"line":89,"column":8},"end":{"line":90,"column":19}},"22":{"start":{"line":89,"column":37},"end":{"line":89,"column":43}},"23":{"start":{"line":90,"column":13},"end":{"line":90,"column":19}},"24":{"start":{"line":94,"column":4},"end":{"line":94,"column":11}}},"fnMap":{"0":{"name":"(anonymous_0)","decl":{"start":{"line":45,"column":17},"end":{"line":45,"column":18}},"loc":{"start":{"line":45,"column":31},"end":{"line":47,"column":null}}},"1":{"name":"(anonymous_1)","decl":{"start":{"line":66,"column":7},"end":{"line":66,"column":8}},"loc":{"start":{"line":66,"column":23},"end":{"line":99,"column":null}}},"2":{"name":"(anonymous_2)","decl":{"start":{"line":71,"column":11},"end":{"line":71,"column":null}},"loc":{"start":{"line":71,"column":11},"end":{"line":74,"column":null}}},"3":{"name":"(anonymous_3)","decl":{"start":{"line":75,"column":11},"end":{"line":75,"column":12}},"loc":{"start":{"line":75,"column":17},"end":{"line":78,"column":null}}},"4":{"name":"(anonymous_4)","decl":{"start":{"line":81,"column":29},"end":{"line":81,"column":null}},"loc":{"start":{"line":81,"column":29},"end":{"line":84,"column":null}}},"5":{"name":"(anonymous_5)","decl":{"start":{"line":87,"column":6},"end":{"line":87,"column":12}},"loc":{"start":{"line":87,"column":6},"end":{"line":87,"column":null}}},"6":{"name":"(anonymous_6)","decl":{"start":{"line":88,"column":6},"end":{"line":88,"column":7}},"loc":{"start":{"line":88,"column":12},"end":{"line":91,"column":null}}}},"branchMap":{"0":{"loc":{"start":{"line":72,"column":8},"end":{"line":72,"column":49}},"type":"if","locations":[{"start":{"line":72,"column":8},"end":{"line":72,"column":49}},{"start":{"line":72,"column":8},"end":{"line":72,"column":49}}]},"1":{"loc":{"start":{"line":73,"column":15},"end":{"line":73,"column":39}},"type":"binary-expr","locations":[{"start":{"line":73,"column":15},"end":{"line":73,"column":39}},{"start":{"line":73,"column":39},"end":{"line":73,"column":null}}]},"2":{"loc":{"start":{"line":76,"column":8},"end":{"line":76,"column":42}},"type":"if","locations":[{"start":{"line":76,"column":8},"end":{"line":76,"column":42}},{"start":{"line":76,"column":8},"end":{"line":76,"column":42}}]},"3":{"loc":{"start":{"line":82,"column":6},"end":{"line":82,"column":34}},"type":"if","locations":[{"start":{"line":82,"column":6},"end":{"line":82,"column":34}},{"start":{"line":82,"column":6},"end":{"line":82,"column":34}}]},"4":{"loc":{"start":{"line":89,"column":8},"end":{"line":90,"column":19}},"type":"if","locations":[{"start":{"line":89,"column":8},"end":{"line":90,"column":19}},{"start":{"line":89,"column":8},"end":{"line":90,"column":19}}]},"5":{"loc":{"start":{"line":90,"column":36},"end":{"line":90,"column":43}},"type":"cond-expr","locations":[{"start":{"line":90,"column":36},"end":{"line":90,"column":43}},{"start":{"line":90,"column":43},"end":{"line":90,"column":null}}]}},"s":{"0":3,"1":3,"2":18,"3":13,"4":13,"5":13,"6":13,"7":13,"8":13,"9":18,"10":1,"11":17,"12":3,"13":1,"14":3,"15":13,"16":13,"17":11,"18":2,"19":13,"20":18,"21":5,"22":1,"23":4,"24":13},"f":{"0":18,"1":13,"2":18,"3":3,"4":13,"5":18,"6":5},"b":{"0":[1,17],"1":[17,14],"2":[1,2],"3":[11,2],"4":[1,4],"5":[2,2]}}
,"/home/caiquecamargo/github/templates/vue-vite-tailwind-template/src/components/shared/forms/FormTextArea.vue": {"path":"/home/caiquecamargo/github/templates/vue-vite-tailwind-template/src/components/shared/forms/FormTextArea.vue","statementMap":{"0":{"start":{"line":38,"column":0},"end":{"line":38,"column":null}},"1":{"start":{"line":40,"column":0},"end":{"line":40,"column":15}},"2":{"start":{"line":51,"column":8},"end":{"line":51,"column":15}},"3":{"start":{"line":75,"column":21},"end":{"line":75,"column":23}},"4":{"start":{"line":76,"column":37},"end":{"line":76,"column":44}},"5":{"start":{"line":76,"column":26},"end":{"line":76,"column":28}},"6":{"start":{"line":76,"column":32},"end":{"line":76,"column":37}},"7":{"start":{"line":77,"column":19},"end":{"line":77,"column":23}},"8":{"start":{"line":79,"column":18},"end":{"line":79,"column":27}},"9":{"start":{"line":81,"column":8},"end":{"line":81,"column":49}},"10":{"start":{"line":81,"column":42},"end":{"line":81,"column":49}},"11":{"start":{"line":82,"column":8},"end":{"line":82,"column":15}},"12":{"start":{"line":85,"column":8},"end":{"line":85,"column":42}},"13":{"start":{"line":85,"column":37},"end":{"line":85,"column":42}},"14":{"start":{"line":86,"column":8},"end":{"line":86,"column":12}},"15":{"start":{"line":90,"column":20},"end":{"line":90,"column":29}},"16":{"start":{"line":91,"column":6},"end":{"line":91,"column":34}},"17":{"start":{"line":91,"column":27},"end":{"line":91,"column":34}},"18":{"start":{"line":92,"column":6},"end":{"line":92,"column":13}},"19":{"start":{"line":95,"column":4},"end":{"line":95,"column":null}},"20":{"start":{"line":96,"column":12},"end":{"line":96,"column":26}},"21":{"start":{"line":98,"column":8},"end":{"line":99,"column":19}},"22":{"start":{"line":98,"column":37},"end":{"line":98,"column":43}},"23":{"start":{"line":99,"column":13},"end":{"line":99,"column":19}},"24":{"start":{"line":103,"column":4},"end":{"line":103,"column":11}}},"fnMap":{"0":{"name":"(anonymous_0)","decl":{"start":{"line":50,"column":17},"end":{"line":50,"column":18}},"loc":{"start":{"line":50,"column":31},"end":{"line":52,"column":null}}},"1":{"name":"(anonymous_1)","decl":{"start":{"line":75,"column":7},"end":{"line":75,"column":8}},"loc":{"start":{"line":75,"column":23},"end":{"line":108,"column":null}}},"2":{"name":"(anonymous_2)","decl":{"start":{"line":80,"column":11},"end":{"line":80,"column":null}},"loc":{"start":{"line":80,"column":11},"end":{"line":83,"column":null}}},"3":{"name":"(anonymous_3)","decl":{"start":{"line":84,"column":11},"end":{"line":84,"column":12}},"loc":{"start":{"line":84,"column":17},"end":{"line":87,"column":null}}},"4":{"name":"(anonymous_4)","decl":{"start":{"line":90,"column":29},"end":{"line":90,"column":null}},"loc":{"start":{"line":90,"column":29},"end":{"line":93,"column":null}}},"5":{"name":"(anonymous_5)","decl":{"start":{"line":96,"column":6},"end":{"line":96,"column":12}},"loc":{"start":{"line":96,"column":6},"end":{"line":96,"column":null}}},"6":{"name":"(anonymous_6)","decl":{"start":{"line":97,"column":6},"end":{"line":97,"column":7}},"loc":{"start":{"line":97,"column":12},"end":{"line":100,"column":null}}}},"branchMap":{"0":{"loc":{"start":{"line":81,"column":8},"end":{"line":81,"column":49}},"type":"if","locations":[{"start":{"line":81,"column":8},"end":{"line":81,"column":49}},{"start":{"line":81,"column":8},"end":{"line":81,"column":49}}]},"1":{"loc":{"start":{"line":82,"column":15},"end":{"line":82,"column":39}},"type":"binary-expr","locations":[{"start":{"line":82,"column":15},"end":{"line":82,"column":39}},{"start":{"line":82,"column":39},"end":{"line":82,"column":null}}]},"2":{"loc":{"start":{"line":85,"column":8},"end":{"line":85,"column":42}},"type":"if","locations":[{"start":{"line":85,"column":8},"end":{"line":85,"column":42}},{"start":{"line":85,"column":8},"end":{"line":85,"column":42}}]},"3":{"loc":{"start":{"line":91,"column":6},"end":{"line":91,"column":34}},"type":"if","locations":[{"start":{"line":91,"column":6},"end":{"line":91,"column":34}},{"start":{"line":91,"column":6},"end":{"line":91,"column":34}}]},"4":{"loc":{"start":{"line":98,"column":8},"end":{"line":99,"column":19}},"type":"if","locations":[{"start":{"line":98,"column":8},"end":{"line":99,"column":19}},{"start":{"line":98,"column":8},"end":{"line":99,"column":19}}]},"5":{"loc":{"start":{"line":99,"column":36},"end":{"line":99,"column":43}},"type":"cond-expr","locations":[{"start":{"line":99,"column":36},"end":{"line":99,"column":43}},{"start":{"line":99,"column":43},"end":{"line":99,"column":null}}]}},"s":{"0":2,"1":2,"2":9,"3":6,"4":6,"5":6,"6":6,"7":6,"8":6,"9":9,"10":1,"11":8,"12":2,"13":1,"14":2,"15":6,"16":6,"17":4,"18":2,"19":6,"20":9,"21":3,"22":1,"23":2,"24":6},"f":{"0":9,"1":6,"2":9,"3":2,"4":6,"5":9,"6":3},"b":{"0":[1,8],"1":[8,6],"2":[1,1],"3":[4,2],"4":[1,2],"5":[1,1]}}
,"/home/caiquecamargo/github/templates/vue-vite-tailwind-template/src/components/shared/header/TheHeader.vue": {"path":"/home/caiquecamargo/github/templates/vue-vite-tailwind-template/src/components/shared/header/TheHeader.vue","statementMap":{"0":{"start":{"line":31,"column":0},"end":{"line":31,"column":null}},"1":{"start":{"line":32,"column":0},"end":{"line":32,"column":null}},"2":{"start":{"line":33,"column":0},"end":{"line":33,"column":null}},"3":{"start":{"line":34,"column":0},"end":{"line":34,"column":null}},"4":{"start":{"line":35,"column":0},"end":{"line":35,"column":null}},"5":{"start":{"line":36,"column":0},"end":{"line":36,"column":null}},"6":{"start":{"line":38,"column":0},"end":{"line":38,"column":15}},"7":{"start":{"line":44,"column":19},"end":{"line":44,"column":23}},"8":{"start":{"line":45,"column":27},"end":{"line":45,"column":40}},"9":{"start":{"line":46,"column":19},"end":{"line":46,"column":23}},"10":{"start":{"line":48,"column":23},"end":{"line":50,"column":null}},"11":{"start":{"line":49,"column":6},"end":{"line":49,"column":12}},"12":{"start":{"line":51,"column":4},"end":{"line":51,"column":null}},"13":{"start":{"line":53,"column":4},"end":{"line":53,"column":25}},"14":{"start":{"line":55,"column":4},"end":{"line":55,"column":14}},"15":{"start":{"line":56,"column":6},"end":{"line":56,"column":20}},"16":{"start":{"line":59,"column":4},"end":{"line":59,"column":11}}},"fnMap":{"0":{"name":"(anonymous_0)","decl":{"start":{"line":43,"column":2},"end":{"line":43,"column":7}},"loc":{"start":{"line":43,"column":2},"end":{"line":64,"column":null}}},"1":{"name":"(anonymous_1)","decl":{"start":{"line":48,"column":23},"end":{"line":48,"column":null}},"loc":{"start":{"line":48,"column":23},"end":{"line":50,"column":null}}},"2":{"name":"(anonymous_2)","decl":{"start":{"line":55,"column":14},"end":{"line":55,"column":null}},"loc":{"start":{"line":55,"column":14},"end":{"line":57,"column":null}}}},"branchMap":{},"s":{"0":1,"1":1,"2":1,"3":1,"4":1,"5":1,"6":1,"7":1,"8":1,"9":1,"10":1,"11":1,"12":1,"13":1,"14":1,"15":1,"16":1},"f":{"0":1,"1":1,"2":1},"b":{}}
,"/home/caiquecamargo/github/templates/vue-vite-tailwind-template/src/components/shared/header/TheHeaderNav.vue": {"path":"/home/caiquecamargo/github/templates/vue-vite-tailwind-template/src/components/shared/header/TheHeaderNav.vue","statementMap":{"0":{"start":{"line":8,"column":0},"end":{"line":8,"column":null}},"1":{"start":{"line":10,"column":0},"end":{"line":10,"column":15}}},"fnMap":{},"branchMap":{},"s":{"0":2,"1":2},"f":{},"b":{}}
,"/home/caiquecamargo/github/templates/vue-vite-tailwind-template/src/components/shared/header/TheHeaderNavMobile.vue": {"path":"/home/caiquecamargo/github/templates/vue-vite-tailwind-template/src/components/shared/header/TheHeaderNavMobile.vue","statementMap":{"0":{"start":{"line":11,"column":0},"end":{"line":11,"column":null}},"1":{"start":{"line":12,"column":0},"end":{"line":12,"column":null}},"2":{"start":{"line":13,"column":0},"end":{"line":13,"column":null}},"3":{"start":{"line":14,"column":0},"end":{"line":14,"column":null}},"4":{"start":{"line":16,"column":0},"end":{"line":16,"column":15}},"5":{"start":{"line":21,"column":2},"end":{"line":21,"column":7}},"6":{"start":{"line":22,"column":20},"end":{"line":22,"column":null}},"7":{"start":{"line":23,"column":27},"end":{"line":23,"column":null}},"8":{"start":{"line":25,"column":19},"end":{"line":25,"column":null}},"9":{"start":{"line":26,"column":4},"end":{"line":26,"column":null}},"10":{"start":{"line":27,"column":12},"end":{"line":27,"column":18}},"11":{"start":{"line":29,"column":8},"end":{"line":29,"column":null}},"12":{"start":{"line":33,"column":18},"end":{"line":36,"column":null}},"13":{"start":{"line":34,"column":6},"end":{"line":34,"column":13}},"14":{"start":{"line":35,"column":6},"end":{"line":35,"column":20}},"15":{"start":{"line":38,"column":22},"end":{"line":41,"column":null}},"16":{"start":{"line":38,"column":22},"end":{"line":38,"column":null}},"17":{"start":{"line":39,"column":6},"end":{"line":39,"column":13}},"18":{"start":{"line":40,"column":6},"end":{"line":40,"column":20}},"19":{"start":{"line":43,"column":4},"end":{"line":43,"column":11}}},"fnMap":{"0":{"name":"(anonymous_0)","decl":{"start":{"line":21,"column":2},"end":{"line":21,"column":7}},"loc":{"start":{"line":21,"column":2},"end":{"line":49,"column":null}}},"1":{"name":"(anonymous_1)","decl":{"start":{"line":27,"column":6},"end":{"line":27,"column":12}},"loc":{"start":{"line":27,"column":6},"end":{"line":27,"column":null}}},"2":{"name":"(anonymous_2)","decl":{"start":{"line":28,"column":6},"end":{"line":28,"column":null}},"loc":{"start":{"line":28,"column":6},"end":{"line":30,"column":null}}},"3":{"name":"(anonymous_3)","decl":{"start":{"line":33,"column":18},"end":{"line":33,"column":null}},"loc":{"start":{"line":33,"column":18},"end":{"line":36,"column":null}}},"4":{"name":"(anonymous_4)","decl":{"start":{"line":38,"column":22},"end":{"line":38,"column":null}},"loc":{"start":{"line":38,"column":22},"end":{"line":41,"column":null}}}},"branchMap":{"0":{"loc":{"start":{"line":34,"column":19},"end":{"line":34,"column":21}},"type":"cond-expr","locations":[{"start":{"line":34,"column":19},"end":{"line":34,"column":21}},{"start":{"line":34,"column":19},"end":{"line":34,"column":21}}]},"1":{"loc":{"start":{"line":34,"column":6},"end":{"line":34,"column":21}},"type":"binary-expr","locations":[{"start":{"line":34,"column":6},"end":{"line":34,"column":21}},{"start":{"line":34,"column":19},"end":{"line":34,"column":21}}]},"2":{"loc":{"start":{"line":35,"column":26},"end":{"line":35,"column":28}},"type":"cond-expr","locations":[{"start":{"line":35,"column":26},"end":{"line":35,"column":28}},{"start":{"line":35,"column":26},"end":{"line":35,"column":28}}]},"3":{"loc":{"start":{"line":35,"column":6},"end":{"line":35,"column":28}},"type":"binary-expr","locations":[{"start":{"line":35,"column":6},"end":{"line":35,"column":28}},{"start":{"line":35,"column":26},"end":{"line":35,"column":28}}]},"4":{"loc":{"start":{"line":39,"column":19},"end":{"line":39,"column":21}},"type":"cond-expr","locations":[{"start":{"line":39,"column":19},"end":{"line":39,"column":21}},{"start":{"line":39,"column":19},"end":{"line":39,"column":21}}]},"5":{"loc":{"start":{"line":39,"column":6},"end":{"line":39,"column":21}},"type":"binary-expr","locations":[{"start":{"line":39,"column":6},"end":{"line":39,"column":21}},{"start":{"line":39,"column":19},"end":{"line":39,"column":21}}]},"6":{"loc":{"start":{"line":40,"column":26},"end":{"line":40,"column":28}},"type":"cond-expr","locations":[{"start":{"line":40,"column":26},"end":{"line":40,"column":28}},{"start":{"line":40,"column":26},"end":{"line":40,"column":28}}]},"7":{"loc":{"start":{"line":40,"column":6},"end":{"line":40,"column":28}},"type":"binary-expr","locations":[{"start":{"line":40,"column":6},"end":{"line":40,"column":28}},{"start":{"line":40,"column":26},"end":{"line":40,"column":28}}]}},"s":{"0":2,"1":2,"2":2,"3":2,"4":2,"5":2,"6":2,"7":2,"8":2,"9":2,"10":3,"11":1,"12":2,"13":2,"14":2,"15":2,"16":2,"17":2,"18":2,"19":2},"f":{"0":2,"1":3,"2":1,"3":2,"4":4},"b":{"0":[1,1],"1":[2,2],"2":[1,1],"3":[2,2],"4":[1,1],"5":[2,2],"6":[1,1],"7":[2,2]}}
,"/home/caiquecamargo/github/templates/vue-vite-tailwind-template/src/components/shared/header/controllers/HeaderObserver.ts": {"path":"/home/caiquecamargo/github/templates/vue-vite-tailwind-template/src/components/shared/header/controllers/HeaderObserver.ts","statementMap":{"0":{"start":{"line":2,"column":0},"end":{"line":2,"column":60}},"1":{"start":{"line":4,"column":14},"end":{"line":4,"column":23}},"2":{"start":{"line":5,"column":18},"end":{"line":5,"column":21}},"3":{"start":{"line":7,"column":13},"end":{"line":8,"column":27}},"4":{"start":{"line":15,"column":4},"end":{"line":15,"column":29}},"5":{"start":{"line":40,"column":12},"end":{"line":45,"column":4}},"6":{"start":{"line":41,"column":4},"end":{"line":44,"column":7}},"7":{"start":{"line":42,"column":6},"end":{"line":43,"column":30}},"8":{"start":{"line":42,"column":33},"end":{"line":42,"column":50}},"9":{"start":{"line":43,"column":11},"end":{"line":43,"column":30}},"10":{"start":{"line":16,"column":4},"end":{"line":18,"column":7}},"11":{"start":{"line":22,"column":4},"end":{"line":22,"column":28}},"12":{"start":{"line":25,"column":4},"end":{"line":25,"column":25}},"13":{"start":{"line":29,"column":4},"end":{"line":29,"column":40}},"14":{"start":{"line":33,"column":4},"end":{"line":33,"column":43}},"15":{"start":{"line":37,"column":4},"end":{"line":37,"column":40}},"16":{"start":{"line":10,"column":0},"end":{"line":10,"column":13}}},"fnMap":{"0":{"name":"(anonymous_0)","decl":{"start":{"line":14,"column":2},"end":{"line":14,"column":null}},"loc":{"start":{"line":14,"column":2},"end":{"line":19,"column":3}}},"1":{"name":"(anonymous_1)","decl":{"start":{"line":40,"column":61},"end":{"line":40,"column":62}},"loc":{"start":{"line":40,"column":73},"end":{"line":45,"column":3}}},"2":{"name":"(anonymous_2)","decl":{"start":{"line":41,"column":20},"end":{"line":41,"column":21}},"loc":{"start":{"line":41,"column":30},"end":{"line":44,"column":5}}},"3":{"name":"(anonymous_3)","decl":{"start":{"line":21,"column":2},"end":{"line":21,"column":6}},"loc":{"start":{"line":21,"column":46},"end":{"line":23,"column":3}}},"4":{"name":"(anonymous_4)","decl":{"start":{"line":24,"column":2},"end":{"line":24,"column":6}},"loc":{"start":{"line":24,"column":13},"end":{"line":26,"column":3}}},"5":{"name":"(anonymous_5)","decl":{"start":{"line":28,"column":10},"end":{"line":28,"column":19}},"loc":{"start":{"line":28,"column":19},"end":{"line":30,"column":3}}},"6":{"name":"(anonymous_6)","decl":{"start":{"line":32,"column":10},"end":{"line":32,"column":21}},"loc":{"start":{"line":32,"column":21},"end":{"line":34,"column":3}}},"7":{"name":"(anonymous_7)","decl":{"start":{"line":36,"column":2},"end":{"line":36,"column":16}},"loc":{"start":{"line":36,"column":16},"end":{"line":38,"column":3}}}},"branchMap":{"0":{"loc":{"start":{"line":42,"column":6},"end":{"line":43,"column":30}},"type":"if","locations":[{"start":{"line":42,"column":6},"end":{"line":43,"column":30}},{"start":{"line":42,"column":6},"end":{"line":43,"column":30}}]}},"s":{"0":3,"1":3,"2":3,"3":3,"4":5,"5":5,"6":2,"7":2,"8":1,"9":1,"10":5,"11":4,"12":4,"13":1,"14":1,"15":1,"16":3},"f":{"0":5,"1":2,"2":2,"3":4,"4":4,"5":1,"6":1,"7":1},"b":{"0":[1,1]}}
,"/home/caiquecamargo/github/templates/vue-vite-tailwind-template/src/components/shared/image/TheImageBackground.vue": {"path":"/home/caiquecamargo/github/templates/vue-vite-tailwind-template/src/components/shared/image/TheImageBackground.vue","statementMap":{"0":{"start":{"line":14,"column":0},"end":{"line":14,"column":null}},"1":{"start":{"line":16,"column":0},"end":{"line":16,"column":null}},"2":{"start":{"line":18,"column":0},"end":{"line":18,"column":15}}},"fnMap":{},"branchMap":{},"s":{"0":2,"1":2,"2":2},"f":{},"b":{}}
,"/home/caiquecamargo/github/templates/vue-vite-tailwind-template/src/components/shared/image/TheImageContent.vue": {"path":"/home/caiquecamargo/github/templates/vue-vite-tailwind-template/src/components/shared/image/TheImageContent.vue","statementMap":{"0":{"start":{"line":6,"column":0},"end":{"line":6,"column":null}},"1":{"start":{"line":8,"column":0},"end":{"line":8,"column":15}}},"fnMap":{},"branchMap":{},"s":{"0":2,"1":2},"f":{},"b":{}}
,"/home/caiquecamargo/github/templates/vue-vite-tailwind-template/src/components/shared/image/TheImageGallery.vue": {"path":"/home/caiquecamargo/github/templates/vue-vite-tailwind-template/src/components/shared/image/TheImageGallery.vue","statementMap":{"0":{"start":{"line":29,"column":0},"end":{"line":29,"column":null}},"1":{"start":{"line":30,"column":0},"end":{"line":30,"column":null}},"2":{"start":{"line":31,"column":0},"end":{"line":31,"column":null}},"3":{"start":{"line":32,"column":0},"end":{"line":32,"column":null}},"4":{"start":{"line":34,"column":0},"end":{"line":34,"column":15}},"5":{"start":{"line":48,"column":17},"end":{"line":48,"column":19}},"6":{"start":{"line":49,"column":24},"end":{"line":49,"column":null}},"7":{"start":{"line":49,"column":43},"end":{"line":49,"column":47}},"8":{"start":{"line":50,"column":4},"end":{"line":50,"column":11}}},"fnMap":{"0":{"name":"(anonymous_0)","decl":{"start":{"line":48,"column":2},"end":{"line":48,"column":7}},"loc":{"start":{"line":48,"column":19},"end":{"line":54,"column":null}}},"1":{"name":"(anonymous_1)","decl":{"start":{"line":49,"column":24},"end":{"line":49,"column":25}},"loc":{"start":{"line":49,"column":38},"end":{"line":49,"column":null}}}},"branchMap":{},"s":{"0":1,"1":1,"2":1,"3":1,"4":1,"5":1,"6":1,"7":1,"8":1},"f":{"0":1,"1":1},"b":{}}
,"/home/caiquecamargo/github/templates/vue-vite-tailwind-template/src/components/shared/image/ThePicture.vue": {"path":"/home/caiquecamargo/github/templates/vue-vite-tailwind-template/src/components/shared/image/ThePicture.vue","statementMap":{"0":{"start":{"line":41,"column":0},"end":{"line":41,"column":null}},"1":{"start":{"line":44,"column":0},"end":{"line":44,"column":15}}},"fnMap":{},"branchMap":{},"s":{"0":3,"1":3},"f":{},"b":{}}
,"/home/caiquecamargo/github/templates/vue-vite-tailwind-template/src/components/shared/loaders/PageLoaderAnimation.vue": {"path":"/home/caiquecamargo/github/templates/vue-vite-tailwind-template/src/components/shared/loaders/PageLoaderAnimation.vue","statementMap":{"0":{"start":{"line":20,"column":0},"end":{"line":20,"column":null}},"1":{"start":{"line":21,"column":0},"end":{"line":21,"column":null}},"2":{"start":{"line":22,"column":0},"end":{"line":22,"column":null}},"3":{"start":{"line":23,"column":0},"end":{"line":23,"column":null}},"4":{"start":{"line":25,"column":0},"end":{"line":25,"column":15}},"5":{"start":{"line":27,"column":17},"end":{"line":27,"column":21}},"6":{"start":{"line":28,"column":17},"end":{"line":28,"column":null}},"7":{"start":{"line":29,"column":19},"end":{"line":29,"column":null}},"8":{"start":{"line":33,"column":4},"end":{"line":33,"column":14}},"9":{"start":{"line":34,"column":6},"end":{"line":41,"column":null}},"10":{"start":{"line":35,"column":8},"end":{"line":35,"column":23}},"11":{"start":{"line":36,"column":8},"end":{"line":36,"column":21}},"12":{"start":{"line":44,"column":20},"end":{"line":48,"column":null}},"13":{"start":{"line":45,"column":6},"end":{"line":45,"column":10}},"14":{"start":{"line":46,"column":6},"end":{"line":46,"column":19}},"15":{"start":{"line":47,"column":6},"end":{"line":47,"column":21}},"16":{"start":{"line":50,"column":17},"end":{"line":56,"column":null}},"17":{"start":{"line":51,"column":6},"end":{"line":51,"column":16}},"18":{"start":{"line":52,"column":8},"end":{"line":52,"column":21}},"19":{"start":{"line":53,"column":8},"end":{"line":53,"column":23}},"20":{"start":{"line":54,"column":8},"end":{"line":54,"column":12}},"21":{"start":{"line":58,"column":19},"end":{"line":58,"column":null}},"22":{"start":{"line":59,"column":4},"end":{"line":59,"column":10}},"23":{"start":{"line":60,"column":6},"end":{"line":60,"column":null}},"24":{"start":{"line":61,"column":6},"end":{"line":61,"column":null}},"25":{"start":{"line":64,"column":4},"end":{"line":64,"column":11}}},"fnMap":{"0":{"name":"(anonymous_0)","decl":{"start":{"line":26,"column":2},"end":{"line":26,"column":7}},"loc":{"start":{"line":26,"column":2},"end":{"line":71,"column":null}}},"1":{"name":"(anonymous_1)","decl":{"start":{"line":33,"column":14},"end":{"line":33,"column":null}},"loc":{"start":{"line":33,"column":14},"end":{"line":42,"column":null}}},"2":{"name":"(anonymous_2)","decl":{"start":{"line":44,"column":20},"end":{"line":44,"column":null}},"loc":{"start":{"line":44,"column":20},"end":{"line":48,"column":null}}},"3":{"name":"(anonymous_3)","decl":{"start":{"line":50,"column":17},"end":{"line":50,"column":null}},"loc":{"start":{"line":50,"column":17},"end":{"line":56,"column":null}}},"4":{"name":"(anonymous_4)","decl":{"start":{"line":51,"column":17},"end":{"line":51,"column":null}},"loc":{"start":{"line":51,"column":17},"end":{"line":55,"column":9}}},"5":{"name":"(anonymous_5)","decl":{"start":{"line":59,"column":22},"end":{"line":59,"column":null}},"loc":{"start":{"line":59,"column":22},"end":{"line":62,"column":null}}}},"branchMap":{"0":{"loc":{"start":{"line":34,"column":6},"end":{"line":41,"column":null}},"type":"if","locations":[{"start":{"line":34,"column":6},"end":{"line":41,"column":null}},{"start":{"line":34,"column":6},"end":{"line":41,"column":null}}]},"1":{"loc":{"start":{"line":34,"column":10},"end":{"line":34,"column":26}},"type":"binary-expr","locations":[{"start":{"line":34,"column":10},"end":{"line":34,"column":26}},{"start":{"line":34,"column":26},"end":{"line":34,"column":40}},{"start":{"line":34,"column":40},"end":{"line":34,"column":70}}]}},"s":{"0":1,"1":1,"2":1,"3":1,"4":1,"5":2,"6":2,"7":2,"8":2,"9":2,"10":1,"11":1,"12":2,"13":1,"14":1,"15":1,"16":2,"17":1,"18":1,"19":1,"20":1,"21":2,"22":2,"23":1,"24":1,"25":2},"f":{"0":2,"1":2,"2":1,"3":1,"4":1,"5":1},"b":{"0":[1,1],"1":[2,2,2]}}
,"/home/caiquecamargo/github/templates/vue-vite-tailwind-template/src/components/shared/loaders/controllers/pageLoaderAnime.ts": {"path":"/home/caiquecamargo/github/templates/vue-vite-tailwind-template/src/components/shared/loaders/controllers/pageLoaderAnime.ts","statementMap":{"0":{"start":{"line":1,"column":0},"end":{"line":1,"column":47}},"1":{"start":{"line":2,"column":0},"end":{"line":2,"column":54}},"2":{"start":{"line":8,"column":4},"end":{"line":8,"column":12}},"3":{"start":{"line":9,"column":4},"end":{"line":9,"column":52}},"4":{"start":{"line":13,"column":4},"end":{"line":35,"column":9}},"5":{"start":{"line":4,"column":0},"end":{"line":4,"column":13}}},"fnMap":{"0":{"name":"(anonymous_0)","decl":{"start":{"line":7,"column":2},"end":{"line":7,"column":14}},"loc":{"start":{"line":7,"column":34},"end":{"line":10,"column":3}}},"1":{"name":"(anonymous_1)","decl":{"start":{"line":12,"column":2},"end":{"line":12,"column":17}},"loc":{"start":{"line":12,"column":38},"end":{"line":36,"column":3}}}},"branchMap":{},"s":{"0":2,"1":2,"2":2,"3":2,"4":2,"5":2},"f":{"0":2,"1":2},"b":{}}
,"/home/caiquecamargo/github/templates/vue-vite-tailwind-template/src/components/shared/loaders/controllers/textLoaderAnime.ts": {"path":"/home/caiquecamargo/github/templates/vue-vite-tailwind-template/src/components/shared/loaders/controllers/textLoaderAnime.ts","statementMap":{"0":{"start":{"line":1,"column":0},"end":{"line":1,"column":47}},"1":{"start":{"line":2,"column":0},"end":{"line":2,"column":54}},"2":{"start":{"line":8,"column":4},"end":{"line":8,"column":12}},"3":{"start":{"line":9,"column":4},"end":{"line":9,"column":52}},"4":{"start":{"line":13,"column":4},"end":{"line":14,"column":67}},"5":{"start":{"line":16,"column":4},"end":{"line":16,"column":19}},"6":{"start":{"line":20,"column":4},"end":{"line":29,"column":7}},"7":{"start":{"line":4,"column":0},"end":{"line":4,"column":13}}},"fnMap":{"0":{"name":"(anonymous_0)","decl":{"start":{"line":7,"column":2},"end":{"line":7,"column":14}},"loc":{"start":{"line":7,"column":34},"end":{"line":10,"column":3}}},"1":{"name":"(anonymous_1)","decl":{"start":{"line":12,"column":2},"end":{"line":12,"column":8}},"loc":{"start":{"line":12,"column":53},"end":{"line":17,"column":3}}},"2":{"name":"(anonymous_2)","decl":{"start":{"line":19,"column":2},"end":{"line":19,"column":17}},"loc":{"start":{"line":19,"column":38},"end":{"line":30,"column":3}}}},"branchMap":{"0":{"loc":{"start":{"line":14,"column":6},"end":{"line":14,"column":60}},"type":"binary-expr","locations":[{"start":{"line":14,"column":6},"end":{"line":14,"column":60}},{"start":{"line":14,"column":64},"end":{"line":14,"column":66}}]}},"s":{"0":2,"1":2,"2":2,"3":2,"4":3,"5":3,"6":2,"7":2},"f":{"0":2,"1":3,"2":2},"b":{"0":[3,1]}}
,"/home/caiquecamargo/github/templates/vue-vite-tailwind-template/src/components/shared/main/TheMain.vue": {"path":"/home/caiquecamargo/github/templates/vue-vite-tailwind-template/src/components/shared/main/TheMain.vue","statementMap":{"0":{"start":{"line":8,"column":0},"end":{"line":8,"column":null}},"1":{"start":{"line":10,"column":0},"end":{"line":10,"column":15}}},"fnMap":{},"branchMap":{},"s":{"0":1,"1":1},"f":{},"b":{}}
,"/home/caiquecamargo/github/templates/vue-vite-tailwind-template/src/components/shared/menu/TheFloatMenu.vue": {"path":"/home/caiquecamargo/github/templates/vue-vite-tailwind-template/src/components/shared/menu/TheFloatMenu.vue","statementMap":{"0":{"start":{"line":11,"column":0},"end":{"line":11,"column":null}},"1":{"start":{"line":12,"column":0},"end":{"line":12,"column":null}},"2":{"start":{"line":13,"column":0},"end":{"line":13,"column":null}},"3":{"start":{"line":14,"column":0},"end":{"line":14,"column":null}},"4":{"start":{"line":16,"column":0},"end":{"line":16,"column":15}},"5":{"start":{"line":18,"column":17},"end":{"line":18,"column":19}},"6":{"start":{"line":19,"column":20},"end":{"line":19,"column":25}},"7":{"start":{"line":20,"column":30},"end":{"line":20,"column":34}},"8":{"start":{"line":21,"column":21},"end":{"line":21,"column":null}},"9":{"start":{"line":23,"column":4},"end":{"line":23,"column":14}},"10":{"start":{"line":24,"column":6},"end":{"line":24,"column":25}},"11":{"start":{"line":27,"column":29},"end":{"line":28,"column":null}},"12":{"start":{"line":28,"column":6},"end":{"line":28,"column":21}},"13":{"start":{"line":30,"column":32},"end":{"line":36,"column":null}},"14":{"start":{"line":31,"column":6},"end":{"line":31,"column":11}},"15":{"start":{"line":32,"column":22},"end":{"line":32,"column":null}},"16":{"start":{"line":34,"column":6},"end":{"line":34,"column":41}},"17":{"start":{"line":34,"column":37},"end":{"line":34,"column":41}},"18":{"start":{"line":35,"column":6},"end":{"line":35,"column":16}},"19":{"start":{"line":38,"column":4},"end":{"line":38,"column":null}},"20":{"start":{"line":39,"column":12},"end":{"line":39,"column":31}},"21":{"start":{"line":41,"column":8},"end":{"line":41,"column":18}},"22":{"start":{"line":42,"column":8},"end":{"line":44,"column":21}},"23":{"start":{"line":43,"column":10},"end":{"line":43,"column":18}},"24":{"start":{"line":44,"column":13},"end":{"line":44,"column":21}},"25":{"start":{"line":48,"column":4},"end":{"line":48,"column":11}}},"fnMap":{"0":{"name":"(anonymous_0)","decl":{"start":{"line":18,"column":2},"end":{"line":18,"column":7}},"loc":{"start":{"line":18,"column":19},"end":{"line":53,"column":null}}},"1":{"name":"(anonymous_1)","decl":{"start":{"line":23,"column":14},"end":{"line":23,"column":null}},"loc":{"start":{"line":23,"column":14},"end":{"line":25,"column":null}}},"2":{"name":"(anonymous_2)","decl":{"start":{"line":27,"column":29},"end":{"line":27,"column":30}},"loc":{"start":{"line":27,"column":50},"end":{"line":28,"column":null}}},"3":{"name":"(anonymous_3)","decl":{"start":{"line":30,"column":32},"end":{"line":30,"column":33}},"loc":{"start":{"line":30,"column":45},"end":{"line":36,"column":null}}},"4":{"name":"(anonymous_4)","decl":{"start":{"line":39,"column":6},"end":{"line":39,"column":12}},"loc":{"start":{"line":39,"column":6},"end":{"line":39,"column":null}}},"5":{"name":"(anonymous_5)","decl":{"start":{"line":40,"column":6},"end":{"line":40,"column":null}},"loc":{"start":{"line":40,"column":6},"end":{"line":45,"column":null}}}},"branchMap":{"0":{"loc":{"start":{"line":28,"column":6},"end":{"line":28,"column":21}},"type":"binary-expr","locations":[{"start":{"line":28,"column":6},"end":{"line":28,"column":21}},{"start":{"line":28,"column":48},"end":{"line":28,"column":59}}]},"1":{"loc":{"start":{"line":34,"column":6},"end":{"line":34,"column":41}},"type":"if","locations":[{"start":{"line":34,"column":6},"end":{"line":34,"column":41}},{"start":{"line":34,"column":6},"end":{"line":34,"column":41}}]},"2":{"loc":{"start":{"line":42,"column":8},"end":{"line":44,"column":21}},"type":"if","locations":[{"start":{"line":42,"column":8},"end":{"line":44,"column":21}},{"start":{"line":42,"column":8},"end":{"line":44,"column":21}}]}},"s":{"0":3,"1":3,"2":3,"3":3,"4":3,"5":3,"6":3,"7":3,"8":3,"9":3,"10":3,"11":3,"12":3,"13":3,"14":3,"15":3,"16":3,"17":1,"18":3,"19":3,"20":7,"21":4,"22":4,"23":2,"24":2,"25":3},"f":{"0":3,"1":3,"2":3,"3":3,"4":7,"5":4},"b":{"0":[3,1],"1":[1,2],"2":[2,2]}}
,"/home/caiquecamargo/github/templates/vue-vite-tailwind-template/src/components/shared/menu/TheFloatMenuVertical.vue": {"path":"/home/caiquecamargo/github/templates/vue-vite-tailwind-template/src/components/shared/menu/TheFloatMenuVertical.vue","statementMap":{"0":{"start":{"line":11,"column":0},"end":{"line":11,"column":null}},"1":{"start":{"line":12,"column":0},"end":{"line":12,"column":null}},"2":{"start":{"line":13,"column":0},"end":{"line":13,"column":null}},"3":{"start":{"line":14,"column":0},"end":{"line":14,"column":null}},"4":{"start":{"line":16,"column":0},"end":{"line":16,"column":15}},"5":{"start":{"line":18,"column":17},"end":{"line":18,"column":19}},"6":{"start":{"line":19,"column":20},"end":{"line":19,"column":25}},"7":{"start":{"line":20,"column":30},"end":{"line":20,"column":34}},"8":{"start":{"line":21,"column":21},"end":{"line":21,"column":null}},"9":{"start":{"line":23,"column":4},"end":{"line":23,"column":14}},"10":{"start":{"line":24,"column":6},"end":{"line":24,"column":25}},"11":{"start":{"line":27,"column":29},"end":{"line":28,"column":null}},"12":{"start":{"line":28,"column":6},"end":{"line":28,"column":21}},"13":{"start":{"line":30,"column":32},"end":{"line":36,"column":null}},"14":{"start":{"line":31,"column":6},"end":{"line":31,"column":11}},"15":{"start":{"line":32,"column":22},"end":{"line":32,"column":null}},"16":{"start":{"line":34,"column":6},"end":{"line":34,"column":41}},"17":{"start":{"line":34,"column":37},"end":{"line":34,"column":41}},"18":{"start":{"line":35,"column":6},"end":{"line":35,"column":16}},"19":{"start":{"line":38,"column":4},"end":{"line":38,"column":null}},"20":{"start":{"line":39,"column":12},"end":{"line":39,"column":31}},"21":{"start":{"line":41,"column":8},"end":{"line":41,"column":18}},"22":{"start":{"line":42,"column":8},"end":{"line":44,"column":21}},"23":{"start":{"line":43,"column":10},"end":{"line":43,"column":18}},"24":{"start":{"line":44,"column":13},"end":{"line":44,"column":21}},"25":{"start":{"line":48,"column":4},"end":{"line":48,"column":11}}},"fnMap":{"0":{"name":"(anonymous_0)","decl":{"start":{"line":18,"column":2},"end":{"line":18,"column":7}},"loc":{"start":{"line":18,"column":19},"end":{"line":53,"column":null}}},"1":{"name":"(anonymous_1)","decl":{"start":{"line":23,"column":14},"end":{"line":23,"column":null}},"loc":{"start":{"line":23,"column":14},"end":{"line":25,"column":null}}},"2":{"name":"(anonymous_2)","decl":{"start":{"line":27,"column":29},"end":{"line":27,"column":30}},"loc":{"start":{"line":27,"column":50},"end":{"line":28,"column":null}}},"3":{"name":"(anonymous_3)","decl":{"start":{"line":30,"column":32},"end":{"line":30,"column":33}},"loc":{"start":{"line":30,"column":45},"end":{"line":36,"column":null}}},"4":{"name":"(anonymous_4)","decl":{"start":{"line":39,"column":6},"end":{"line":39,"column":12}},"loc":{"start":{"line":39,"column":6},"end":{"line":39,"column":null}}},"5":{"name":"(anonymous_5)","decl":{"start":{"line":40,"column":6},"end":{"line":40,"column":null}},"loc":{"start":{"line":40,"column":6},"end":{"line":45,"column":null}}}},"branchMap":{"0":{"loc":{"start":{"line":28,"column":6},"end":{"line":28,"column":21}},"type":"binary-expr","locations":[{"start":{"line":28,"column":6},"end":{"line":28,"column":21}},{"start":{"line":28,"column":48},"end":{"line":28,"column":59}}]},"1":{"loc":{"start":{"line":34,"column":6},"end":{"line":34,"column":41}},"type":"if","locations":[{"start":{"line":34,"column":6},"end":{"line":34,"column":41}},{"start":{"line":34,"column":6},"end":{"line":34,"column":41}}]},"2":{"loc":{"start":{"line":42,"column":8},"end":{"line":44,"column":21}},"type":"if","locations":[{"start":{"line":42,"column":8},"end":{"line":44,"column":21}},{"start":{"line":42,"column":8},"end":{"line":44,"column":21}}]}},"s":{"0":1,"1":1,"2":1,"3":1,"4":1,"5":1,"6":1,"7":1,"8":1,"9":1,"10":1,"11":1,"12":3,"13":1,"14":3,"15":3,"16":3,"17":1,"18":3,"19":1,"20":3,"21":2,"22":2,"23":1,"24":1,"25":1},"f":{"0":1,"1":1,"2":3,"3":3,"4":3,"5":2},"b":{"0":[3,1],"1":[1,2],"2":[1,1]}}
,"/home/caiquecamargo/github/templates/vue-vite-tailwind-template/src/components/shared/menu/controllers/AnimeMenu.ts": {"path":"/home/caiquecamargo/github/templates/vue-vite-tailwind-template/src/components/shared/menu/controllers/AnimeMenu.ts","statementMap":{"0":{"start":{"line":1,"column":0},"end":{"line":1,"column":47}},"1":{"start":{"line":2,"column":0},"end":{"line":2,"column":54}},"2":{"start":{"line":8,"column":4},"end":{"line":8,"column":12}},"3":{"start":{"line":9,"column":4},"end":{"line":9,"column":52}},"4":{"start":{"line":13,"column":4},"end":{"line":30,"column":null}},"5":{"start":{"line":4,"column":0},"end":{"line":4,"column":13}}},"fnMap":{"0":{"name":"(anonymous_0)","decl":{"start":{"line":7,"column":2},"end":{"line":7,"column":14}},"loc":{"start":{"line":7,"column":34},"end":{"line":10,"column":3}}},"1":{"name":"(anonymous_1)","decl":{"start":{"line":12,"column":12},"end":{"line":12,"column":27}},"loc":{"start":{"line":12,"column":48},"end":{"line":31,"column":3}}}},"branchMap":{},"s":{"0":4,"1":4,"2":4,"3":4,"4":4,"5":4},"f":{"0":4,"1":4},"b":{}}
,"/home/caiquecamargo/github/templates/vue-vite-tailwind-template/src/components/shared/paragraph/TheParagraph.vue": {"path":"/home/caiquecamargo/github/templates/vue-vite-tailwind-template/src/components/shared/paragraph/TheParagraph.vue","statementMap":{"0":{"start":{"line":15,"column":0},"end":{"line":15,"column":null}},"1":{"start":{"line":17,"column":0},"end":{"line":17,"column":15}},"2":{"start":{"line":30,"column":36},"end":{"line":30,"column":37}},"3":{"start":{"line":34,"column":17},"end":{"line":34,"column":26}},"4":{"start":{"line":35,"column":6},"end":{"line":35,"column":13}},"5":{"start":{"line":42,"column":4},"end":{"line":42,"column":11}}},"fnMap":{"0":{"name":"(anonymous_0)","decl":{"start":{"line":30,"column":17},"end":{"line":30,"column":18}},"loc":{"start":{"line":30,"column":31},"end":{"line":30,"column":null}}},"1":{"name":"(anonymous_1)","decl":{"start":{"line":33,"column":7},"end":{"line":33,"column":8}},"loc":{"start":{"line":33,"column":13},"end":{"line":45,"column":null}}},"2":{"name":"(anonymous_2)","decl":{"start":{"line":34,"column":26},"end":{"line":34,"column":null}},"loc":{"start":{"line":34,"column":26},"end":{"line":40,"column":null}}}},"branchMap":{"0":{"loc":{"start":{"line":37,"column":11},"end":{"line":37,"column":29}},"type":"binary-expr","locations":[{"start":{"line":37,"column":11},"end":{"line":37,"column":29}},{"start":{"line":37,"column":29},"end":{"line":37,"column":null}},{"start":{"line":38,"column":11},"end":{"line":38,"column":30}},{"start":{"line":38,"column":30},"end":{"line":38,"column":null}}]}},"s":{"0":1,"1":1,"2":4,"3":4,"4":4,"5":4},"f":{"0":4,"1":4,"2":4},"b":{"0":[4,3,3,1]}}
,"/home/caiquecamargo/github/templates/vue-vite-tailwind-template/src/components/shared/paragraph/TheTitle.vue": {"path":"/home/caiquecamargo/github/templates/vue-vite-tailwind-template/src/components/shared/paragraph/TheTitle.vue","statementMap":{"0":{"start":{"line":11,"column":0},"end":{"line":11,"column":null}},"1":{"start":{"line":13,"column":0},"end":{"line":13,"column":15}}},"fnMap":{},"branchMap":{},"s":{"0":1,"1":1},"f":{},"b":{}}
,"/home/caiquecamargo/github/templates/vue-vite-tailwind-template/src/components/shared/search/TheSearch.vue": {"path":"/home/caiquecamargo/github/templates/vue-vite-tailwind-template/src/components/shared/search/TheSearch.vue","statementMap":{"0":{"start":{"line":12,"column":0},"end":{"line":12,"column":null}},"1":{"start":{"line":13,"column":0},"end":{"line":13,"column":null}},"2":{"start":{"line":15,"column":0},"end":{"line":15,"column":15}},"3":{"start":{"line":18,"column":2},"end":{"line":18,"column":7}},"4":{"start":{"line":18,"column":17},"end":{"line":18,"column":19}},"5":{"start":{"line":19,"column":19},"end":{"line":19,"column":23}},"6":{"start":{"line":21,"column":4},"end":{"line":21,"column":16}},"7":{"start":{"line":21,"column":16},"end":{"line":21,"column":null}},"8":{"start":{"line":22,"column":10},"end":{"line":22,"column":16}},"9":{"start":{"line":23,"column":8},"end":{"line":23,"column":12}},"10":{"start":{"line":24,"column":8},"end":{"line":24,"column":14}},"11":{"start":{"line":25,"column":8},"end":{"line":25,"column":14}},"12":{"start":{"line":29,"column":4},"end":{"line":29,"column":11}}},"fnMap":{"0":{"name":"(anonymous_0)","decl":{"start":{"line":18,"column":7},"end":{"line":18,"column":8}},"loc":{"start":{"line":18,"column":19},"end":{"line":32,"column":null}}},"1":{"name":"(anonymous_1)","decl":{"start":{"line":21,"column":16},"end":{"line":21,"column":null}},"loc":{"start":{"line":21,"column":16},"end":{"line":27,"column":null}}}},"branchMap":{"0":{"loc":{"start":{"line":22,"column":10},"end":{"line":22,"column":16}},"type":"if","locations":[{"start":{"line":22,"column":10},"end":{"line":22,"column":16}},{"start":{"line":22,"column":10},"end":{"line":22,"column":16}}]}},"s":{"0":1,"1":1,"2":1,"3":1,"4":1,"5":1,"6":1,"7":3,"8":5,"9":1,"10":2,"11":1,"12":1},"f":{"0":1,"1":6},"b":{"0":[2,1]}}
,"/home/caiquecamargo/github/templates/vue-vite-tailwind-template/src/components/shared/search/TheSearchNotFound.vue": {"path":"/home/caiquecamargo/github/templates/vue-vite-tailwind-template/src/components/shared/search/TheSearchNotFound.vue","statementMap":{"0":{"start":{"line":10,"column":0},"end":{"line":10,"column":null}},"1":{"start":{"line":12,"column":0},"end":{"line":12,"column":15}}},"fnMap":{},"branchMap":{},"s":{"0":2,"1":2},"f":{},"b":{}}
,"/home/caiquecamargo/github/templates/vue-vite-tailwind-template/src/components/shared/search/TheSearchResult.vue": {"path":"/home/caiquecamargo/github/templates/vue-vite-tailwind-template/src/components/shared/search/TheSearchResult.vue","statementMap":{"0":{"start":{"line":11,"column":0},"end":{"line":11,"column":null}},"1":{"start":{"line":13,"column":0},"end":{"line":13,"column":15}}},"fnMap":{},"branchMap":{},"s":{"0":1,"1":1},"f":{},"b":{}}
,"/home/caiquecamargo/github/templates/vue-vite-tailwind-template/src/components/shared/slider/BaseHorizontalGallerySlider.vue": {"path":"/home/caiquecamargo/github/templates/vue-vite-tailwind-template/src/components/shared/slider/BaseHorizontalGallerySlider.vue","statementMap":{"0":{"start":{"line":64,"column":0},"end":{"line":64,"column":null}},"1":{"start":{"line":65,"column":0},"end":{"line":65,"column":null}},"2":{"start":{"line":66,"column":0},"end":{"line":66,"column":null}},"3":{"start":{"line":68,"column":0},"end":{"line":68,"column":null}},"4":{"start":{"line":70,"column":0},"end":{"line":70,"column":15}},"5":{"start":{"line":83,"column":22},"end":{"line":83,"column":null}},"6":{"start":{"line":84,"column":35},"end":{"line":84,"column":null}},"7":{"start":{"line":85,"column":53},"end":{"line":85,"column":null}},"8":{"start":{"line":86,"column":30},"end":{"line":86,"column":34}},"9":{"start":{"line":88,"column":25},"end":{"line":91,"column":null}},"10":{"start":{"line":89,"column":31},"end":{"line":89,"column":42}},"11":{"start":{"line":90,"column":6},"end":{"line":90,"column":15}},"12":{"start":{"line":93,"column":24},"end":{"line":108,"column":null}},"13":{"start":{"line":94,"column":30},"end":{"line":94,"column":null}},"14":{"start":{"line":95,"column":6},"end":{"line":95,"column":11}},"15":{"start":{"line":97,"column":10},"end":{"line":97,"column":14}},"16":{"start":{"line":107,"column":6},"end":{"line":107,"column":47}},"17":{"start":{"line":107,"column":30},"end":{"line":107,"column":47}},"18":{"start":{"line":110,"column":17},"end":{"line":113,"column":null}},"19":{"start":{"line":111,"column":6},"end":{"line":111,"column":null}},"20":{"start":{"line":112,"column":6},"end":{"line":112,"column":null}},"21":{"start":{"line":115,"column":4},"end":{"line":115,"column":14}},"22":{"start":{"line":116,"column":6},"end":{"line":116,"column":null}},"23":{"start":{"line":119,"column":4},"end":{"line":119,"column":9}},"24":{"start":{"line":121,"column":25},"end":{"line":121,"column":null}},"25":{"start":{"line":122,"column":23},"end":{"line":122,"column":null}},"26":{"start":{"line":124,"column":25},"end":{"line":127,"column":null}},"27":{"start":{"line":125,"column":20},"end":{"line":125,"column":25}},"28":{"start":{"line":126,"column":6},"end":{"line":126,"column":20}},"29":{"start":{"line":129,"column":23},"end":{"line":133,"column":null}},"30":{"start":{"line":130,"column":20},"end":{"line":130,"column":25}},"31":{"start":{"line":131,"column":6},"end":{"line":131,"column":18}},"32":{"start":{"line":132,"column":6},"end":{"line":132,"column":null}},"33":{"start":{"line":132,"column":35},"end":{"line":132,"column":null}},"34":{"start":{"line":135,"column":25},"end":{"line":140,"column":null}},"35":{"start":{"line":136,"column":6},"end":{"line":137,"column":13}},"36":{"start":{"line":137,"column":8},"end":{"line":137,"column":13}},"37":{"start":{"line":137,"column":32},"end":{"line":137,"column":36}},"38":{"start":{"line":138,"column":6},"end":{"line":139,"column":13}},"39":{"start":{"line":139,"column":8},"end":{"line":139,"column":13}},"40":{"start":{"line":139,"column":32},"end":{"line":139,"column":36}},"41":{"start":{"line":142,"column":17},"end":{"line":144,"column":null}},"42":{"start":{"line":143,"column":6},"end":{"line":143,"column":11}},"43":{"start":{"line":143,"column":30},"end":{"line":143,"column":34}},"44":{"start":{"line":146,"column":4},"end":{"line":146,"column":11}}},"fnMap":{"0":{"name":"(anonymous_0)","decl":{"start":{"line":82,"column":2},"end":{"line":82,"column":7}},"loc":{"start":{"line":82,"column":13},"end":{"line":154,"column":null}}},"1":{"name":"(anonymous_1)","decl":{"start":{"line":88,"column":25},"end":{"line":88,"column":null}},"loc":{"start":{"line":88,"column":25},"end":{"line":91,"column":null}}},"2":{"name":"(anonymous_2)","decl":{"start":{"line":93,"column":24},"end":{"line":93,"column":null}},"loc":{"start":{"line":93,"column":24},"end":{"line":108,"column":null}}},"3":{"name":"(anonymous_3)","decl":{"start":{"line":96,"column":8},"end":{"line":96,"column":9}},"loc":{"start":{"line":96,"column":27},"end":{"line":104,"column":null}}},"4":{"name":"(anonymous_4)","decl":{"start":{"line":110,"column":17},"end":{"line":110,"column":null}},"loc":{"start":{"line":110,"column":17},"end":{"line":113,"column":null}}},"5":{"name":"(anonymous_5)","decl":{"start":{"line":115,"column":14},"end":{"line":115,"column":null}},"loc":{"start":{"line":115,"column":14},"end":{"line":117,"column":null}}},"6":{"name":"(anonymous_6)","decl":{"start":{"line":124,"column":25},"end":{"line":124,"column":26}},"loc":{"start":{"line":124,"column":43},"end":{"line":127,"column":null}}},"7":{"name":"(anonymous_7)","decl":{"start":{"line":129,"column":23},"end":{"line":129,"column":24}},"loc":{"start":{"line":129,"column":41},"end":{"line":133,"column":null}}},"8":{"name":"(anonymous_8)","decl":{"start":{"line":135,"column":25},"end":{"line":135,"column":null}},"loc":{"start":{"line":135,"column":25},"end":{"line":140,"column":null}}},"9":{"name":"(anonymous_9)","decl":{"start":{"line":137,"column":22},"end":{"line":137,"column":23}},"loc":{"start":{"line":137,"column":27},"end":{"line":137,"column":null}}},"10":{"name":"(anonymous_10)","decl":{"start":{"line":139,"column":22},"end":{"line":139,"column":23}},"loc":{"start":{"line":139,"column":27},"end":{"line":139,"column":null}}},"11":{"name":"(anonymous_11)","decl":{"start":{"line":142,"column":17},"end":{"line":142,"column":18}},"loc":{"start":{"line":142,"column":32},"end":{"line":144,"column":null}}},"12":{"name":"(anonymous_12)","decl":{"start":{"line":143,"column":20},"end":{"line":143,"column":21}},"loc":{"start":{"line":143,"column":25},"end":{"line":143,"column":null}}}},"branchMap":{"0":{"loc":{"start":{"line":94,"column":30},"end":{"line":94,"column":55}},"type":"binary-expr","locations":[{"start":{"line":94,"column":30},"end":{"line":94,"column":55}},{"start":{"line":94,"column":55},"end":{"line":94,"column":null}}]},"1":{"loc":{"start":{"line":107,"column":6},"end":{"line":107,"column":47}},"type":"if","locations":[{"start":{"line":107,"column":6},"end":{"line":107,"column":47}},{"start":{"line":107,"column":6},"end":{"line":107,"column":47}}]},"2":{"loc":{"start":{"line":119,"column":21},"end":{"line":119,"column":23}},"type":"cond-expr","locations":[{"start":{"line":119,"column":21},"end":{"line":119,"column":23}},{"start":{"line":119,"column":21},"end":{"line":119,"column":23}}]},"3":{"loc":{"start":{"line":119,"column":4},"end":{"line":119,"column":23}},"type":"binary-expr","locations":[{"start":{"line":119,"column":4},"end":{"line":119,"column":23}},{"start":{"line":119,"column":21},"end":{"line":119,"column":23}}]},"4":{"loc":{"start":{"line":132,"column":6},"end":{"line":132,"column":null}},"type":"if","locations":[{"start":{"line":132,"column":6},"end":{"line":132,"column":null}},{"start":{"line":132,"column":6},"end":{"line":132,"column":null}}]},"5":{"loc":{"start":{"line":136,"column":6},"end":{"line":137,"column":13}},"type":"if","locations":[{"start":{"line":136,"column":6},"end":{"line":137,"column":13}},{"start":{"line":136,"column":6},"end":{"line":137,"column":13}}]},"6":{"loc":{"start":{"line":138,"column":6},"end":{"line":139,"column":13}},"type":"if","locations":[{"start":{"line":138,"column":6},"end":{"line":139,"column":13}},{"start":{"line":138,"column":6},"end":{"line":139,"column":13}}]}},"s":{"0":1,"1":1,"2":1,"3":1,"4":1,"5":3,"6":3,"7":3,"8":3,"9":3,"10":3,"11":3,"12":3,"13":3,"14":3,"15":9,"16":3,"17":1,"18":3,"19":3,"20":3,"21":3,"22":3,"23":3,"24":3,"25":3,"26":3,"27":3,"28":3,"29":3,"30":3,"31":3,"32":3,"33":2,"34":3,"35":2,"36":1,"37":5,"38":2,"39":1,"40":5,"41":3,"42":1,"43":3,"44":3},"f":{"0":3,"1":3,"2":3,"3":9,"4":3,"5":3,"6":3,"7":3,"8":2,"9":5,"10":5,"11":1,"12":3},"b":{"0":[3,1],"1":[1,2],"2":[2,1],"3":[3,3],"4":[2,1],"5":[1,1],"6":[1,1]}}
,"/home/caiquecamargo/github/templates/vue-vite-tailwind-template/src/components/shared/slider/BaseHorizontalSlider.vue": {"path":"/home/caiquecamargo/github/templates/vue-vite-tailwind-template/src/components/shared/slider/BaseHorizontalSlider.vue","statementMap":{"0":{"start":{"line":70,"column":0},"end":{"line":70,"column":null}},"1":{"start":{"line":71,"column":0},"end":{"line":71,"column":null}},"2":{"start":{"line":72,"column":0},"end":{"line":72,"column":null}},"3":{"start":{"line":74,"column":0},"end":{"line":74,"column":null}},"4":{"start":{"line":76,"column":0},"end":{"line":76,"column":15}},"5":{"start":{"line":89,"column":22},"end":{"line":89,"column":null}},"6":{"start":{"line":91,"column":30},"end":{"line":91,"column":34}},"7":{"start":{"line":93,"column":24},"end":{"line":109,"column":null}},"8":{"start":{"line":94,"column":31},"end":{"line":94,"column":42}},"9":{"start":{"line":95,"column":30},"end":{"line":95,"column":null}},"10":{"start":{"line":96,"column":6},"end":{"line":96,"column":11}},"11":{"start":{"line":98,"column":26},"end":{"line":98,"column":53}},"12":{"start":{"line":101,"column":10},"end":{"line":101,"column":26}},"13":{"start":{"line":102,"column":10},"end":{"line":102,"column":17}},"14":{"start":{"line":108,"column":6},"end":{"line":108,"column":23}},"15":{"start":{"line":111,"column":4},"end":{"line":111,"column":14}},"16":{"start":{"line":112,"column":6},"end":{"line":112,"column":null}},"17":{"start":{"line":115,"column":4},"end":{"line":115,"column":9}},"18":{"start":{"line":117,"column":25},"end":{"line":117,"column":null}},"19":{"start":{"line":118,"column":23},"end":{"line":118,"column":null}},"20":{"start":{"line":120,"column":25},"end":{"line":123,"column":null}},"21":{"start":{"line":121,"column":20},"end":{"line":121,"column":25}},"22":{"start":{"line":122,"column":6},"end":{"line":122,"column":20}},"23":{"start":{"line":125,"column":23},"end":{"line":129,"column":null}},"24":{"start":{"line":126,"column":20},"end":{"line":126,"column":25}},"25":{"start":{"line":127,"column":6},"end":{"line":127,"column":18}},"26":{"start":{"line":128,"column":6},"end":{"line":128,"column":null}},"27":{"start":{"line":128,"column":35},"end":{"line":128,"column":null}},"28":{"start":{"line":131,"column":25},"end":{"line":136,"column":null}},"29":{"start":{"line":132,"column":6},"end":{"line":133,"column":13}},"30":{"start":{"line":133,"column":8},"end":{"line":133,"column":13}},"31":{"start":{"line":133,"column":32},"end":{"line":133,"column":36}},"32":{"start":{"line":134,"column":6},"end":{"line":135,"column":13}},"33":{"start":{"line":135,"column":8},"end":{"line":135,"column":13}},"34":{"start":{"line":135,"column":32},"end":{"line":135,"column":36}},"35":{"start":{"line":138,"column":17},"end":{"line":140,"col
[...]
line":20,"column":12},"end":{"line":20,"column":24}},"loc":{"start":{"line":20,"column":24},"end":{"line":22,"column":3}}},"7":{"name":"(anonymous_7)","decl":{"start":{"line":24,"column":2},"end":{"line":24,"column":10}},"loc":{"start":{"line":24,"column":10},"end":{"line":24,"column":67}}},"8":{"name":"(anonymous_8)","decl":{"start":{"line":25,"column":2},"end":{"line":25,"column":10}},"loc":{"start":{"line":25,"column":10},"end":{"line":25,"column":67}}},"9":{"name":"(anonymous_9)","decl":{"start":{"line":27,"column":12},"end":{"line":27,"column":17}},"loc":{"start":{"line":27,"column":25},"end":{"line":35,"column":3}}},"10":{"name":"(anonymous_10)","decl":{"start":{"line":28,"column":29},"end":{"line":28,"column":34}},"loc":{"start":{"line":28,"column":47},"end":{"line":33,"column":5}}},"11":{"name":"(anonymous_11)","decl":{"start":{"line":37,"column":2},"end":{"line":37,"column":6}},"loc":{"start":{"line":37,"column":6},"end":{"line":43,"column":3}}},"12":{"name":"(anonymous_12)","decl":{"start":{"line":45,"column":2},"end":{"line":45,"column":7}},"loc":{"start":{"line":45,"column":7},"end":{"line":51,"column":3}}},"13":{"name":"(anonymous_13)","decl":{"start":{"line":53,"column":2},"end":{"line":53,"column":6}},"loc":{"start":{"line":53,"column":6},"end":{"line":56,"column":3}}}},"branchMap":{"0":{"loc":{"start":{"line":4,"column":12},"end":{"line":4,"column":26}},"type":"binary-expr","locations":[{"start":{"line":4,"column":12},"end":{"line":4,"column":26}},{"start":{"line":4,"column":12},"end":{"line":4,"column":null}}]},"1":{"loc":{"start":{"line":21,"column":70},"end":{"line":21,"column":91}},"type":"cond-expr","locations":[{"start":{"line":21,"column":70},"end":{"line":21,"column":91}},{"start":{"line":21,"column":94},"end":{"line":21,"column":115}}]},"2":{"loc":{"start":{"line":38,"column":4},"end":{"line":42,"column":null}},"type":"if","locations":[{"start":{"line":38,"column":4},"end":{"line":42,"column":null}},{"start":{"line":38,"column":4},"end":{"line":42,"column":null}}]},"3":{"loc":{"start":{"line":46,"column":4},"end":{"line":50,"column":null}},"type":"if","locations":[{"start":{"line":46,"column":4},"end":{"line":50,"column":null}},{"start":{"line":46,"column":4},"end":{"line":50,"column":null}}]}},"s":{"0":6,"1":6,"2":6,"3":6,"4":6,"5":8,"6":10,"7":2,"8":1,"9":8,"10":8,"11":13,"12":6,"13":12,"14":12,"15":8,"16":8,"17":2,"18":1,"19":1,"20":1,"21":4,"22":3,"23":3,"24":3,"25":8,"26":8,"27":6},"f":{"0":6,"1":8,"2":10,"3":2,"4":1,"5":8,"6":8,"7":13,"8":6,"9":12,"10":12,"11":2,"12":4,"13":8},"b":{"0":[6,6],"1":[3,5],"2":[1,1],"3":[3,1]}}
,"/home/caiquecamargo/github/templates/vue-vite-tailwind-template/src/controllers/Anime.ts": {"path":"/home/caiquecamargo/github/templates/vue-vite-tailwind-template/src/controllers/Anime.ts","statementMap":{"0":{"start":{"line":3,"column":0},"end":{"line":3,"column":null}},"1":{"start":{"line":4,"column":2},"end":{"line":4,"column":null}},"2":{"start":{"line":5,"column":2},"end":{"line":5,"column":null}},"3":{"start":{"line":19,"column":4},"end":{"line":19,"column":27}},"4":{"start":{"line":23,"column":4},"end":{"line":23,"column":32}},"5":{"start":{"line":27,"column":4},"end":{"line":27,"column":28}},"6":{"start":{"line":28,"column":4},"end":{"line":28,"column":37}},"7":{"start":{"line":32,"column":4},"end":{"line":32,"column":29}},"8":{"start":{"line":36,"column":4},"end":{"line":36,"column":31}},"9":{"start":{"line":38,"column":4},"end":{"line":38,"column":16}},"10":{"start":{"line":42,"column":4},"end":{"line":42,"column":42}},"11":{"start":{"line":44,"column":4},"end":{"line":44,"column":16}},"12":{"start":{"line":8,"column":0},"end":{"line":8,"column":22}}},"fnMap":{"0":{"name":"(anonymous_0)","decl":{"start":{"line":3,"column":0},"end":{"line":3,"column":12}},"loc":{"start":{"line":3,"column":21},"end":{"line":6,"column":1}}},"1":{"name":"(anonymous_1)","decl":{"start":{"line":11,"column":2},"end":{"line":11,"column":17}},"loc":{"start":{"line":11,"column":2},"end":{"line":11,"column":18}}},"2":{"name":"(anonymous_2)","decl":{"start":{"line":18,"column":2},"end":{"line":18,"column":6}},"loc":{"start":{"line":18,"column":15},"end":{"line":20,"column":3}}},"3":{"name":"(anonymous_3)","decl":{"start":{"line":22,"column":2},"end":{"line":22,"column":6}},"loc":{"start":{"line":22,"column":40},"end":{"line":24,"column":3}}},"4":{"name":"(anonymous_4)","decl":{"start":{"line":26,"column":2},"end":{"line":26,"column":7}},"loc":{"start":{"line":26,"column":15},"end":{"line":29,"column":3}}},"5":{"name":"(anonymous_5)","decl":{"start":{"line":31,"column":2},"end":{"line":31,"column":6}},"loc":{"start":{"line":31,"column":6},"end":{"line":33,"column":3}}},"6":{"name":"(anonymous_6)","decl":{"start":{"line":35,"column":2},"end":{"line":35,"column":9}},"loc":{"start":{"line":35,"column":9},"end":{"line":39,"column":3}}},"7":{"name":"(anonymous_7)","decl":{"start":{"line":41,"column":2},"end":{"line":41,"column":14}},"loc":{"start":{"line":41,"column":35},"end":{"line":45,"column":3}}}},"branchMap":{"0":{"loc":{"start":{"line":3,"column":12},"end":{"line":3,"column":21}},"type":"binary-expr","locations":[{"start":{"line":3,"column":12},"end":{"line":3,"column":21}},{"start":{"line":3,"column":12},"end":{"line":3,"column":null}}]}},"s":{"0":15,"1":15,"2":15,"3":9,"4":4,"5":16,"6":16,"7":3,"8":9,"9":9,"10":6,"11":6,"12":15},"f":{"0":15,"1":21,"2":9,"3":4,"4":16,"5":3,"6":9,"7":6},"b":{"0":[15,15]}}
,"/home/caiquecamargo/github/templates/vue-vite-tailwind-template/src/controllers/AnimeEntry.ts": {"path":"/home/caiquecamargo/github/templates/vue-vite-tailwind-template/src/controllers/AnimeEntry.ts","statementMap":{"0":{"start":{"line":1,"column":0},"end":{"line":1,"column":60}},"1":{"start":{"line":2,"column":0},"end":{"line":2,"column":32}},"2":{"start":{"line":19,"column":4},"end":{"line":19,"column":12}},"3":{"start":{"line":20,"column":4},"end":{"line":20,"column":66}},"4":{"start":{"line":28,"column":39},"end":{"line":35,"column":6}},"5":{"start":{"line":37,"column":59},"end":{"line":43,"column":6}},"6":{"start":{"line":45,"column":4},"end":{"line":45,"column":30}},"7":{"start":{"line":11,"column":0},"end":{"line":11,"column":13}}},"fnMap":{"0":{"name":"(anonymous_0)","decl":{"start":{"line":14,"column":2},"end":{"line":14,"column":null}},"loc":{"start":{"line":17,"column":24},"end":{"line":21,"column":3}}},"1":{"name":"(anonymous_1)","decl":{"start":{"line":23,"column":12},"end":{"line":23,"column":27}},"loc":{"start":{"line":26,"column":24},"end":{"line":46,"column":3}}}},"branchMap":{},"s":{"0":4,"1":4,"2":1,"3":1,"4":1,"5":1,"6":1,"7":4},"f":{"0":1,"1":1},"b":{}}
,"/home/caiquecamargo/github/templates/vue-vite-tailwind-template/src/controllers/Observer.ts": {"path":"/home/caiquecamargo/github/templates/vue-vite-tailwind-template/src/controllers/Observer.ts","statementMap":{"0":{"start":{"line":1,"column":0},"end":{"line":1,"column":38}},"1":{"start":{"line":12,"column":4},"end":{"line":12,"column":16}},"2":{"start":{"line":13,"column":4},"end":{"line":13,"column":30}},"3":{"start":{"line":17,"column":4},"end":{"line":17,"column":26}},"4":{"start":{"line":20,"column":4},"end":{"line":20,"column":30}},"5":{"start":{"line":23,"column":4},"end":{"line":23,"column":36}},"6":{"start":{"line":7,"column":0},"end":{"line":7,"column":22}}},"fnMap":{"0":{"name":"(anonymous_0)","decl":{"start":{"line":11,"column":2},"end":{"line":11,"column":14}},"loc":{"start":{"line":11,"column":57},"end":{"line":14,"column":3}}},"1":{"name":"(anonymous_1)","decl":{"start":{"line":16,"column":2},"end":{"line":16,"column":6}},"loc":{"start":{"line":16,"column":14},"end":{"line":18,"column":3}}},"2":{"name":"(anonymous_2)","decl":{"start":{"line":19,"column":2},"end":{"line":19,"column":6}},"loc":{"start":{"line":19,"column":45},"end":{"line":21,"column":3}}},"3":{"name":"(anonymous_3)","decl":{"start":{"line":22,"column":2},"end":{"line":22,"column":9}},"loc":{"start":{"line":22,"column":30},"end":{"line":24,"column":3}}}},"branchMap":{"0":{"loc":{"start":{"line":11,"column":55},"end":{"line":11,"column":57}},"type":"default-arg","locations":[{"start":{"line":11,"column":55},"end":{"line":11,"column":57}}]}},"s":{"0":8,"1":15,"2":15,"3":8,"4":5,"5":4,"6":8},"f":{"0":15,"1":8,"2":5,"3":4},"b":{"0":[15]}}
,"/home/caiquecamargo/github/templates/vue-vite-tailwind-template/src/controllers/Provider.ts": {"path":"/home/caiquecamargo/github/templates/vue-vite-tailwind-template/src/controllers/Provider.ts","statementMap":{"0":{"start":{"line":1,"column":0},"end":{"line":1,"column":58}},"1":{"start":{"line":7,"column":4},"end":{"line":7,"column":22}},"2":{"start":{"line":11,"column":4},"end":{"line":11,"column":30}},"3":{"start":{"line":15,"column":4},"end":{"line":15,"column":22}},"4":{"start":{"line":3,"column":0},"end":{"line":3,"column":22}}},"fnMap":{"0":{"name":"(anonymous_0)","decl":{"start":{"line":6,"column":2},"end":{"line":6,"column":14}},"loc":{"start":{"line":6,"column":26},"end":{"line":8,"column":3}}},"1":{"name":"(anonymous_1)","decl":{"start":{"line":10,"column":2},"end":{"line":10,"column":9}},"loc":{"start":{"line":10,"column":9},"end":{"line":12,"column":3}}},"2":{"name":"(anonymous_2)","decl":{"start":{"line":14,"column":2},"end":{"line":14,"column":6}},"loc":{"start":{"line":14,"column":10},"end":{"line":16,"column":3}}}},"branchMap":{},"s":{"0":10,"1":18,"2":4,"3":1,"4":10},"f":{"0":18,"1":4,"2":1},"b":{}}
,"/home/caiquecamargo/github/templates/vue-vite-tailwind-template/src/helpers/optimizedResizeEvent.ts": {"path":"/home/caiquecamargo/github/templates/vue-vite-tailwind-template/src/helpers/optimizedResizeEvent.ts","statementMap":{"0":{"start":{"line":2,"column":10},"end":{"line":2,"column":37}},"1":{"start":{"line":3,"column":10},"end":{"line":3,"column":35}},"2":{"start":{"line":6,"column":4},"end":{"line":6,"column":27}},"3":{"start":{"line":7,"column":4},"end":{"line":7,"column":33}},"4":{"start":{"line":11,"column":4},"end":{"line":11,"column":53}},"5":{"start":{"line":11,"column":41},"end":{"line":11,"column":51}},"6":{"start":{"line":12,"column":4},"end":{"line":12,"column":25}},"7":{"start":{"line":16,"column":4},"end":{"line":22,"column":null}},"8":{"start":{"line":17,"column":6},"end":{"line":17,"column":26}},"9":{"start":{"line":18,"column":6},"end":{"line":21,"column":8}},"10":{"start":{"line":19,"column":14},"end":{"line":19,"column":72}},"11":{"start":{"line":26,"column":4},"end":{"line":26,"column":34}},"12":{"start":{"line":30,"column":4},"end":{"line":31,"column":64}},"13":{"start":{"line":31,"column":6},"end":{"line":31,"column":64}},"14":{"start":{"line":32,"column":4},"end":{"line":32,"column":31}},"15":{"start":{"line":36,"column":13},"end":{"line":36,"column":63}}},"fnMap":{"0":{"name":"(anonymous_0)","decl":{"start":{"line":5,"column":2},"end":{"line":5,"column":null}},"loc":{"start":{"line":5,"column":2},"end":{"line":8,"column":3}}},"1":{"name":"(anonymous_1)","decl":{"start":{"line":10,"column":10},"end":{"line":10,"column":22}},"loc":{"start":{"line":10,"column":22},"end":{"line":13,"column":3}}},"2":{"name":"(anonymous_2)","decl":{"start":{"line":11,"column":27},"end":{"line":11,"column":28}},"loc":{"start":{"line":11,"column":41},"end":{"line":11,"column":51}}},"3":{"name":"(anonymous_3)","decl":{"start":{"line":15,"column":10},"end":{"line":15,"column":16}},"loc":{"start":{"line":15,"column":16},"end":{"line":23,"column":3}}},"4":{"name":"(anonymous_4)","decl":{"start":{"line":19,"column":8},"end":{"line":19,"column":11}},"loc":{"start":{"line":19,"column":14},"end":{"line":19,"column":72}}},"5":{"name":"(anonymous_5)","decl":{"start":{"line":25,"column":10},"end":{"line":25,"column":21}},"loc":{"start":{"line":25,"column":40},"end":{"line":27,"column":3}}},"6":{"name":"(anonymous_6)","decl":{"start":{"line":29,"column":2},"end":{"line":29,"column":5}},"loc":{"start":{"line":29,"column":24},"end":{"line":33,"column":3}}}},"branchMap":{"0":{"loc":{"start":{"line":16,"column":4},"end":{"line":22,"column":null}},"type":"if","locations":[{"start":{"line":16,"column":4},"end":{"line":22,"column":null}},{"start":{"line":16,"column":4},"end":{"line":22,"column":null}}]},"1":{"loc":{"start":{"line":30,"column":4},"end":{"line":31,"column":64}},"type":"if","locations":[{"start":{"line":30,"column":4},"end":{"line":31,"column":64}},{"start":{"line":30,"column":4},"end":{"line":31,"column":64}}]}},"s":{"0":5,"1":5,"2":5,"3":5,"4":1,"5":2,"6":1,"7":2,"8":1,"9":1,"10":1,"11":5,"12":5,"13":4,"14":5,"15":5},"f":{"0":5,"1":1,"2":2,"3":2,"4":1,"5":5,"6":5},"b":{"0":[1,1],"1":[4,1]}}
,"/home/caiquecamargo/github/templates/vue-vite-tailwind-template/src/helpers/utils.ts": {"path":"/home/caiquecamargo/github/templates/vue-vite-tailwind-template/src/helpers/utils.ts","statementMap":{"0":{"start":{"line":1,"column":0},"end":{"line":1,"column":43}},"1":{"start":{"line":4,"column":2},"end":{"line":7,"column":20}},"2":{"start":{"line":3,"column":0},"end":{"line":3,"column":16}},"3":{"start":{"line":11,"column":2},"end":{"line":11,"column":44}},"4":{"start":{"line":10,"column":0},"end":{"line":10,"column":16}},"5":{"start":{"line":15,"column":21},"end":{"line":15,"column":48}},"6":{"start":{"line":17,"column":2},"end":{"line":17,"column":33}},"7":{"start":{"line":17,"column":24},"end":{"line":17,"column":33}},"8":{"start":{"line":18,"column":2},"end":{"line":18,"column":34}},"9":{"start":{"line":18,"column":25},"end":{"line":18,"column":34}},"10":{"start":{"line":19,"column":2},"end":{"line":19,"column":34}},"11":{"start":{"line":19,"column":25},"end":{"line":19,"column":34}},"12":{"start":{"line":20,"column":2},"end":{"line":20,"column":11}},"13":{"start":{"line":14,"column":0},"end":{"line":14,"column":16}},"14":{"start":{"line":27,"column":35},"end":{"line":28,"column":58}},"15":{"start":{"line":28,"column":4},"end":{"line":28,"column":58}},"16":{"start":{"line":30,"column":4},"end":{"line":30,"column":72}},"17":{"start":{"line":32,"column":17},"end":{"line":32,"column":32}},"18":{"start":{"line":34,"column":2},"end":{"line":34,"column":29}},"19":{"start":{"line":23,"column":0},"end":{"line":23,"column":16}},"20":{"start":{"line":38,"column":2},"end":{"line":38,"column":26}},"21":{"start":{"line":37,"column":0},"end":{"line":37,"column":16}},"22":{"start":{"line":42,"column":2},"end":{"line":42,"column":36}},"23":{"start":{"line":42,"column":25},"end":{"line":42,"column":36}},"24":{"start":{"line":44,"column":2},"end":{"line":44,"column":38}},"25":{"start":{"line":41,"column":0},"end":{"line":41,"column":16}},"26":{"start":{"line":48,"column":2},"end":{"line":48,"column":55}},"27":{"start":{"line":48,"column":16},"end":{"line":48,"column":55}},"28":{"start":{"line":50,"column":2},"end":{"line":50,"column":17}},"29":{"start":{"line":47,"column":0},"end":{"line":47,"column":16}},"30":{"start":{"line":54,"column":19},"end":{"line":54,"column":40}},"31":{"start":{"line":55,"column":2},"end":{"line":55,"column":73}},"32":{"start":{"line":55,"column":17},"end":{"line":55,"column":73}},"33":{"start":{"line":57,"column":2},"end":{"line":57,"column":18}},"34":{"start":{"line":53,"column":0},"end":{"line":53,"column":16}}},"fnMap":{"0":{"name":"numberToReal","decl":{"start":{"line":3,"column":16},"end":{"line":3,"column":28}},"loc":{"start":{"line":3,"column":43},"end":{"line":8,"column":1}}},"1":{"name":"isMobile","decl":{"start":{"line":10,"column":16},"end":{"line":10,"column":24}},"loc":{"start":{"line":10,"column":24},"end":{"line":12,"column":1}}},"2":{"name":"getGridColumnsQty","decl":{"start":{"line":14,"column":16},"end":{"line":14,"column":33}},"loc":{"start":{"line":14,"column":33},"end":{"line":21,"column":1}}},"3":{"name":"onClickOutside","decl":{"start":{"line":23,"column":16},"end":{"line":23,"column":30}},"loc":{"start":{"line":25,"column":19},"end":{"line":35,"column":1}}},"4":{"name":"(anonymous_4)","decl":{"start":{"line":27,"column":35},"end":{"line":27,"column":36}},"loc":{"start":{"line":28,"column":4},"end":{"line":28,"column":58}}},"5":{"name":"isOdd","decl":{"start":{"line":37,"column":16},"end":{"line":37,"column":21}},"loc":{"start":{"line":37,"column":36},"end":{"line":39,"column":1}}},"6":{"name":"madeOddArray","decl":{"start":{"line":41,"column":16},"end":{"line":41,"column":28}},"loc":{"start":{"line":41,"column":45},"end":{"line":45,"column":1}}},"7":{"name":"getElement","decl":{"start":{"line":47,"column":16},"end":{"line":47,"column":26}},"loc":{"start":{"line":47,"column":59},"end":{"line":51,"column":1}}},"8":{"name":"injectStrict","decl":{"start":{"line":53,"column":16},"end":{"line":53,"column":28}},"loc":{"start":{"line":53,"column":66},"end":{"line":58,"column":1}}}},"branchMap":{"0":{"loc":{"start":{"line":17,"column":2},"end":{"line":17,"column":33}},"type":"if","locations":[{"start":{"line":17,"column":2},"end":{"line":17,"column":33}},{"start":{"line":17,"column":2},"end":{"line":17,"column":33}}]},"1":{"loc":{"start":{"line":18,"column":2},"end":{"line":18,"column":34}},"type":"if","locations":[{"start":{"line":18,"column":2},"end":{"line":18,"column":34}},{"start":{"line":18,"column":2},"end":{"line":18,"column":34}}]},"2":{"loc":{"start":{"line":19,"column":2},"end":{"line":19,"column":34}},"type":"if","locations":[{"start":{"line":19,"column":2},"end":{"line":19,"column":34}},{"start":{"line":19,"column":2},"end":{"line":19,"column":34}}]},"3":{"loc":{"start":{"line":28,"column":4},"end":{"line":28,"column":22}},"type":"binary-expr","locations":[{"start":{"line":28,"column":4},"end":{"line":28,"column":22}},{"start":{"line":28,"column":26},"end":{"line":28,"column":58}}]},"4":{"loc":{"start":{"line":34,"column":9},"end":{"line":34,"column":16}},"type":"binary-expr","locations":[{"start":{"line":34,"column":9},"end":{"line":34,"column":16}},{"start":{"line":34,"column":20},"end":{"line":34,"column":28}}]},"5":{"loc":{"start":{"line":42,"column":2},"end":{"line":42,"column":36}},"type":"if","locations":[{"start":{"line":42,"column":2},"end":{"line":42,"column":36}},{"start":{"line":42,"column":2},"end":{"line":42,"column":36}}]},"6":{"loc":{"start":{"line":48,"column":2},"end":{"line":48,"column":55}},"type":"if","locations":[{"start":{"line":48,"column":2},"end":{"line":48,"column":55}},{"start":{"line":48,"column":2},"end":{"line":48,"column":55}}]},"7":{"loc":{"start":{"line":55,"column":2},"end":{"line":55,"column":73}},"type":"if","locations":[{"start":{"line":55,"column":2},"end":{"line":55,"column":73}},{"start":{"line":55,"column":2},"end":{"line":55,"column":73}}]}},"s":{"0":12,"1":1,"2":12,"3":4,"4":12,"5":7,"6":7,"7":1,"8":6,"9":1,"10":5,"11":1,"12":4,"13":12,"14":9,"15":9,"16":9,"17":9,"18":9,"19":12,"20":8,"21":12,"22":2,"23":1,"24":1,"25":12,"26":9,"27":1,"28":8,"29":12,"30":4,"31":4,"32":1,"33":3,"34":12},"f":{"0":1,"1":4,"2":7,"3":9,"4":9,"5":8,"6":2,"7":9,"8":4},"b":{"0":[1,6],"1":[1,5],"2":[1,4],"3":[9,8],"4":[9,4],"5":[1,1],"6":[1,8],"7":[1,3]}}
,"/home/caiquecamargo/github/templates/vue-vite-tailwind-template/src/state/State.ts": {"path":"/home/caiquecamargo/github/templates/vue-vite-tailwind-template/src/state/State.ts","statementMap":{"0":{"start":{"line":1,"column":0},"end":{"line":1,"column":40}},"1":{"start":{"line":2,"column":0},"end":{"line":2,"column":51}},"2":{"start":{"line":8,"column":4},"end":{"line":8,"column":null}},"3":{"start":{"line":9,"column":17},"end":{"line":9,"column":28}},"4":{"start":{"line":10,"column":4},"end":{"line":10,"column":38}},"5":{"start":{"line":16,"column":4},"end":{"line":16,"column":38}},"6":{"start":{"line":4,"column":0},"end":{"line":4,"column":22}}},"fnMap":{"0":{"name":"(anonymous_0)","decl":{"start":{"line":7,"column":2},"end":{"line":7,"column":14}},"loc":{"start":{"line":7,"column":26},"end":{"line":11,"column":3}}},"1":{"name":"(anonymous_1)","decl":{"start":{"line":15,"column":2},"end":{"line":15,"column":13}},"loc":{"start":{"line":15,"column":18},"end":{"line":17,"column":3}}}},"branchMap":{},"s":{"0":1,"1":1,"2":1,"3":1,"4":1,"5":1,"6":1},"f":{"0":1,"1":1},"b":{}}
}
