TN:
SF:src/components/shared/banner/TheBanner.vue
FN:26,(anonymous_0)
FN:30,(anonymous_1)
FNF:2
FNH:2
FNDA:1,(anonymous_0)
FNDA:1,(anonymous_1)
DA:9,1
DA:11,1
DA:12,1
DA:13,1
DA:15,1
DA:27,1
DA:28,1
DA:30,1
DA:31,1
DA:34,1
LF:10
LH:10
BRF:0
BRH:0
end_of_record
TN:
SF:src/components/shared/banner/TheBannerContent.vue
FNF:0
FNH:0
DA:10,1
DA:12,1
LF:2
LH:2
BRF:0
BRH:0
end_of_record
TN:
SF:src/components/shared/button/TheButton.vue
FNF:0
FNH:0
DA:8,3
DA:10,3
LF:2
LH:2
BRF:0
BRH:0
end_of_record
TN:
SF:src/components/shared/button/TheButtonLinkExternal.vue
FNF:0
FNH:0
DA:8,1
DA:10,1
LF:2
LH:2
BRF:0
BRH:0
end_of_record
TN:
SF:src/components/shared/button/TheButtonLinkInternal.vue
FN:31,(anonymous_0)
FN:34,(anonymous_1)
FN:38,(anonymous_2)
FNF:3
FNH:3
FNDA:1,(anonymous_0)
FNDA:2,(anonymous_1)
FNDA:1,(anonymous_2)
DA:12,1
DA:13,1
DA:14,1
DA:16,1
DA:32,1
DA:34,1
DA:35,2
DA:38,1
DA:39,1
DA:45,1
LF:10
LH:10
BRDA:40,0,0,1
BRDA:40,0,1,1
BRDA:41,1,0,1
BRDA:41,1,1,1
BRDA:41,1,2,1
BRF:5
BRH:5
end_of_record
TN:
SF:src/components/shared/button/TheButtonSandwich.vue
FN:15,(anonymous_0)
FN:19,(anonymous_1)
FNF:2
FNH:2
FNDA:3,(anonymous_0)
FNDA:3,(anonymous_1)
DA:10,3
DA:11,3
DA:12,3
DA:14,3
DA:16,3
DA:17,3
DA:19,3
DA:20,3
DA:23,3
LF:9
LH:9
BRF:0
BRH:0
end_of_record
TN:
SF:src/components/shared/button/controllers/AnimeFloatButton.ts
FN:4,(anonymous_0)
FN:16,(anonymous_1)
FN:22,(anonymous_2)
FN:26,(anonymous_3)
FN:30,(anonymous_4)
FN:34,(anonymous_5)
FN:73,(anonymous_6)
FN:87,(anonymous_7)
FN:99,(anonymous_8)
FNF:9
FNH:9
FNDA:1,(anonymous_0)
FNDA:3,(anonymous_1)
FNDA:3,(anonymous_2)
FNDA:3,(anonymous_3)
FNDA:3,(anonymous_4)
FNDA:3,(anonymous_5)
FNDA:1,(anonymous_6)
FNDA:1,(anonymous_7)
FNDA:1,(anonymous_8)
DA:1,1
DA:2,1
DA:4,1
DA:5,1
DA:6,1
DA:7,1
DA:8,1
DA:11,1
DA:14,3
DA:17,3
DA:18,3
DA:19,3
DA:23,3
DA:27,3
DA:31,3
DA:35,3
DA:74,1
DA:84,1
DA:88,1
DA:96,1
DA:100,1
DA:113,1
LF:22
LH:22
BRDA:4,0,0,1
BRDA:4,0,1,1
BRF:2
BRH:2
end_of_record
TN:
SF:src/components/shared/button/controllers/AnimeSandwich.ts
FN:7,(anonymous_0)
FN:11,(anonymous_1)
FN:19,(anonymous_2)
FN:22,(anonymous_3)
FN:29,(anonymous_4)
FNF:5
FNH:5
FNDA:3,(anonymous_0)
FNDA:3,(anonymous_1)
FNDA:9,(anonymous_2)
FNDA:9,(anonymous_3)
FNDA:9,(anonymous_4)
DA:1,3
DA:2,3
DA:4,3
DA:8,3
DA:9,3
DA:12,3
DA:20,9
DA:23,9
DA:24,9
DA:25,6
DA:30,9
DA:31,9
DA:32,6
LF:13
LH:13
BRDA:20,0,0,3
BRDA:20,0,1,6
BRDA:24,1,0,3
BRDA:24,1,1,6
BRDA:25,2,0,3
BRDA:25,2,1,3
BRDA:31,3,0,3
BRDA:31,3,1,6
BRDA:32,4,0,3
BRDA:32,4,1,3
BRF:10
BRH:10
end_of_record
TN:
SF:src/components/shared/container/TheContainerGrid.vue
FNF:0
FNH:0
DA:10,2
DA:12,2
LF:2
LH:2
BRF:0
BRH:0
end_of_record
TN:
SF:src/components/shared/container/TheContainerGridLoader.vue
FN:60,(anonymous_0)
FN:66,(anonymous_1)
FN:73,(anonymous_2)
FNF:3
FNH:3
FNDA:3,(anonymous_0)
FNDA:3,(anonymous_1)
FNDA:1,(anonymous_2)
DA:33,1
DA:34,1
DA:35,1
DA:36,1
DA:37,1
DA:38,1
DA:39,1
DA:42,1
DA:60,3
DA:61,3
DA:62,3
DA:64,3
DA:66,3
DA:67,3
DA:68,3
DA:70,3
DA:73,3
DA:75,3
LF:18
LH:18
BRF:0
BRH:0
end_of_record
TN:
SF:src/components/shared/container/TheContainerGridTwo.vue
FNF:0
FNH:0
DA:10,1
DA:12,1
LF:2
LH:2
BRF:0
BRH:0
end_of_record
TN:
SF:src/components/shared/container/TheContainerLoader.vue
FN:14,(anonymous_0)
FN:18,(anonymous_1)
FNF:2
FNH:2
FNDA:1,(anonymous_0)
FNDA:1,(anonymous_1)
DA:8,2
DA:10,2
DA:11,2
DA:13,2
DA:15,1
DA:16,1
DA:18,1
DA:19,1
DA:20,1
DA:23,1
LF:10
LH:10
BRF:0
BRH:0
end_of_record
TN:
SF:src/components/shared/container/controller/elementObserver.ts
FN:11,(anonymous_0)
FN:18,(anonymous_1)
FN:22,(anonymous_2)
FNF:3
FNH:3
FNDA:7,(anonymous_0)
FNDA:2,(anonymous_1)
FNDA:2,(anonymous_2)
DA:2,4
DA:3,4
DA:5,4
DA:8,4
DA:12,7
DA:13,7
DA:18,7
DA:22,2
DA:23,2
DA:24,1
DA:25,1
DA:26,1
DA:27,1
DA:29,1
LF:14
LH:14
BRDA:23,0,0,1
BRDA:23,0,1,1
BRF:2
BRH:2
end_of_record
TN:
SF:src/components/shared/filters/TheFiltersContainer.vue
FNF:0
FNH:0
DA:8,1
DA:10,1
LF:2
LH:2
BRF:0
BRH:0
end_of_record
TN:
SF:src/components/shared/footer/TheFooter.vue
FNF:0
FNH:0
DA:11,1
DA:12,1
DA:13,1
DA:15,1
LF:4
LH:4
BRF:0
BRH:0
end_of_record
TN:
SF:src/components/shared/footer/TheFooterContainer.vue
FNF:0
FNH:0
DA:10,2
DA:12,2
LF:2
LH:2
BRF:0
BRH:0
end_of_record
TN:
SF:src/components/shared/footer/TheFooterDeveloperDescription.vue
FNF:0
FNH:0
DA:15,2
DA:17,2
LF:2
LH:2
BRF:0
BRH:0
end_of_record
TN:
SF:src/components/shared/footer/TheFooterHeader.vue
FNF:0
FNH:0
DA:8,1
DA:10,1
LF:2
LH:2
BRF:0
BRH:0
end_of_record
TN:
SF:src/components/shared/footer/TheFooterSection.vue
FNF:0
FNH:0
DA:8,1
DA:10,1
LF:2
LH:2
BRF:0
BRH:0
end_of_record
TN:
SF:src/components/shared/forms/FormContato.vue
FN:42,(anonymous_0)
FN:49,(anonymous_1)
FNF:2
FNH:2
FNDA:3,(anonymous_0)
FNDA:4,(anonymous_1)
DA:34,1
DA:35,1
DA:36,1
DA:37,1
DA:38,1
DA:40,1
DA:42,3
DA:43,3
DA:44,3
DA:45,3
DA:46,3
DA:47,3
DA:49,3
DA:50,2
DA:55,4
DA:61,1
DA:63,1
DA:67,3
LF:18
LH:18
BRF:0
BRH:0
end_of_record
TN:
SF:src/components/shared/forms/FormField.vue
FN:45,(anonymous_0)
FN:66,(anonymous_1)
FN:71,(anonymous_2)
FN:75,(anonymous_3)
FN:81,(anonymous_4)
FN:87,(anonymous_5)
FN:88,(anonymous_6)
FNF:7
FNH:7
FNDA:18,(anonymous_0)
FNDA:13,(anonymous_1)
FNDA:18,(anonymous_2)
FNDA:3,(anonymous_3)
FNDA:13,(anonymous_4)
FNDA:18,(anonymous_5)
FNDA:5,(anonymous_6)
DA:33,3
DA:35,3
DA:46,18
DA:66,13
DA:67,13
DA:68,13
DA:70,13
DA:72,18
DA:73,17
DA:76,3
DA:77,3
DA:81,13
DA:82,13
DA:83,2
DA:86,13
DA:87,18
DA:89,5
DA:90,4
DA:94,13
LF:19
LH:19
BRDA:72,0,0,1
BRDA:72,0,1,17
BRDA:73,1,0,17
BRDA:73,1,1,14
BRDA:76,2,0,1
BRDA:76,2,1,2
BRDA:82,3,0,11
BRDA:82,3,1,2
BRDA:89,4,0,1
BRDA:89,4,1,4
BRDA:90,5,0,2
BRDA:90,5,1,2
BRF:12
BRH:12
end_of_record
TN:
SF:src/components/shared/forms/FormTextArea.vue
FN:50,(anonymous_0)
FN:75,(anonymous_1)
FN:80,(anonymous_2)
FN:84,(anonymous_3)
FN:90,(anonymous_4)
FN:96,(anonymous_5)
FN:97,(anonymous_6)
FNF:7
FNH:7
FNDA:9,(anonymous_0)
FNDA:6,(anonymous_1)
FNDA:9,(anonymous_2)
FNDA:2,(anonymous_3)
FNDA:6,(anonymous_4)
FNDA:9,(anonymous_5)
FNDA:3,(anonymous_6)
DA:38,2
DA:40,2
DA:51,9
DA:75,6
DA:76,6
DA:77,6
DA:79,6
DA:81,9
DA:82,8
DA:85,2
DA:86,2
DA:90,6
DA:91,6
DA:92,2
DA:95,6
DA:96,9
DA:98,3
DA:99,2
DA:103,6
LF:19
LH:19
BRDA:81,0,0,1
BRDA:81,0,1,8
BRDA:82,1,0,8
BRDA:82,1,1,6
BRDA:85,2,0,1
BRDA:85,2,1,1
BRDA:91,3,0,4
BRDA:91,3,1,2
BRDA:98,4,0,1
BRDA:98,4,1,2
BRDA:99,5,0,1
BRDA:99,5,1,1
BRF:12
BRH:12
end_of_record
TN:
SF:src/components/shared/header/TheHeader.vue
FN:43,(anonymous_0)
FN:48,(anonymous_1)
FN:55,(anonymous_2)
FNF:3
FNH:3
FNDA:1,(anonymous_0)
FNDA:1,(anonymous_1)
FNDA:1,(anonymous_2)
DA:31,1
DA:32,1
DA:33,1
DA:34,1
DA:35,1
DA:36,1
DA:38,1
DA:44,1
DA:45,1
DA:46,1
DA:48,1
DA:49,1
DA:51,1
DA:53,1
DA:55,1
DA:56,1
DA:59,1
LF:17
LH:17
BRF:0
BRH:0
end_of_record
TN:
SF:src/components/shared/header/TheHeaderNav.vue
FNF:0
FNH:0
DA:8,2
DA:10,2
LF:2
LH:2
BRF:0
BRH:0
end_of_record
TN:
SF:src/components/shared/header/TheHeaderNavMobile.vue
FN:21,(anonymous_0)
FN:27,(anonymous_1)
FN:28,(anonymous_2)
FN:33,(anonymous_3)
FN:38,(anonymous_4)
FNF:5
FNH:5
FNDA:2,(anonymous_0)
FNDA:3,(anonymous_1)
FNDA:1,(anonymous_2)
FNDA:2,(anonymous_3)
FNDA:4,(anonymous_4)
DA:11,2
DA:12,2
DA:13,2
DA:14,2
DA:16,2
DA:21,2
DA:22,2
DA:23,2
DA:25,2
DA:26,2
DA:27,3
DA:29,1
DA:33,2
DA:34,2
DA:35,2
DA:38,2
DA:39,2
DA:40,2
DA:43,2
LF:19
LH:19
BRDA:34,0,0,1
BRDA:34,0,1,1
BRDA:34,1,0,2
BRDA:34,1,1,2
BRDA:35,2,0,1
BRDA:35,2,1,1
BRDA:35,3,0,2
BRDA:35,3,1,2
BRDA:39,4,0,1
BRDA:39,4,1,1
BRDA:39,5,0,2
BRDA:39,5,1,2
BRDA:40,6,0,1
BRDA:40,6,1,1
BRDA:40,7,0,2
BRDA:40,7,1,2
BRF:16
BRH:16
end_of_record
TN:
SF:src/components/shared/header/controllers/HeaderObserver.ts
FN:14,(anonymous_0)
FN:40,(anonymous_1)
FN:41,(anonymous_2)
FN:21,(anonymous_3)
FN:24,(anonymous_4)
FN:28,(anonymous_5)
FN:32,(anonymous_6)
FN:36,(anonymous_7)
FNF:8
FNH:8
FNDA:5,(anonymous_0)
FNDA:2,(anonymous_1)
FNDA:2,(anonymous_2)
FNDA:4,(anonymous_3)
FNDA:4,(anonymous_4)
FNDA:1,(anonymous_5)
FNDA:1,(anonymous_6)
FNDA:1,(anonymous_7)
DA:2,3
DA:4,3
DA:5,3
DA:7,3
DA:10,3
DA:15,5
DA:16,5
DA:22,4
DA:25,4
DA:29,1
DA:33,1
DA:37,1
DA:40,5
DA:41,2
DA:42,2
DA:43,1
LF:16
LH:16
BRDA:42,0,0,1
BRDA:42,0,1,1
BRF:2
BRH:2
end_of_record
TN:
SF:src/components/shared/image/TheImageBackground.vue
FNF:0
FNH:0
DA:14,2
DA:16,2
DA:18,2
LF:3
LH:3
BRF:0
BRH:0
end_of_record
TN:
SF:src/components/shared/image/TheImageContent.vue
FNF:0
FNH:0
DA:6,2
DA:8,2
LF:2
LH:2
BRF:0
BRH:0
end_of_record
TN:
SF:src/components/shared/image/TheImageGallery.vue
FN:48,(anonymous_0)
FN:49,(anonymous_1)
FNF:2
FNH:2
FNDA:1,(anonymous_0)
FNDA:1,(anonymous_1)
DA:29,1
DA:30,1
DA:31,1
DA:32,1
DA:34,1
DA:48,1
DA:49,1
DA:50,1
LF:8
LH:8
BRF:0
BRH:0
end_of_record
TN:
SF:src/components/shared/image/ThePicture.vue
FNF:0
FNH:0
DA:41,3
DA:44,3
LF:2
LH:2
BRF:0
BRH:0
end_of_record
TN:
SF:src/components/shared/loaders/PageLoaderAnimation.vue
FN:26,(anonymous_0)
FN:33,(anonymous_1)
FN:44,(anonymous_2)
FN:50,(anonymous_3)
FN:51,(anonymous_4)
FN:59,(anonymous_5)
FNF:6
FNH:6
FNDA:2,(anonymous_0)
FNDA:2,(anonymous_1)
FNDA:1,(anonymous_2)
FNDA:1,(anonymous_3)
FNDA:1,(anonymous_4)
FNDA:1,(anonymous_5)
DA:20,1
DA:21,1
DA:22,1
DA:23,1
DA:25,1
DA:27,2
DA:28,2
DA:29,2
DA:33,2
DA:34,2
DA:35,1
DA:36,1
DA:44,2
DA:45,1
DA:46,1
DA:47,1
DA:50,2
DA:51,1
DA:52,1
DA:53,1
DA:54,1
DA:58,2
DA:59,2
DA:60,1
DA:61,1
DA:64,2
LF:26
LH:26
BRDA:34,0,0,1
BRDA:34,0,1,1
BRDA:34,1,0,2
BRDA:34,1,1,2
BRDA:34,1,2,2
BRF:5
BRH:5
end_of_record
TN:
SF:src/components/shared/loaders/controllers/pageLoaderAnime.ts
FN:7,(anonymous_0)
FN:12,(anonymous_1)
FNF:2
FNH:2
FNDA:2,(anonymous_0)
FNDA:2,(anonymous_1)
DA:1,2
DA:2,2
DA:4,2
DA:8,2
DA:9,2
DA:13,2
LF:6
LH:6
BRF:0
BRH:0
end_of_record
TN:
SF:src/components/shared/loaders/controllers/textLoaderAnime.ts
FN:7,(anonymous_0)
FN:12,(anonymous_1)
FN:19,(anonymous_2)
FNF:3
FNH:3
FNDA:2,(anonymous_0)
FNDA:3,(anonymous_1)
FNDA:2,(anonymous_2)
DA:1,2
DA:2,2
DA:4,2
DA:8,2
DA:9,2
DA:13,3
DA:16,3
DA:20,2
LF:8
LH:8
BRDA:14,0,0,3
BRDA:14,0,1,1
BRF:2
BRH:2
end_of_record
TN:
SF:src/components/shared/main/TheMain.vue
FNF:0
FNH:0
DA:8,1
DA:10,1
LF:2
LH:2
BRF:0
BRH:0
end_of_record
TN:
SF:src/components/shared/menu/TheFloatMenu.vue
FN:18,(anonymous_0)
FN:23,(anonymous_1)
FN:27,(anonymous_2)
FN:30,(anonymous_3)
FN:39,(anonymous_4)
FN:40,(anonymous_5)
FNF:6
FNH:6
FNDA:3,(anonymous_0)
FNDA:3,(anonymous_1)
FNDA:3,(anonymous_2)
FNDA:3,(anonymous_3)
FNDA:7,(anonymous_4)
FNDA:4,(anonymous_5)
DA:11,3
DA:12,3
DA:13,3
DA:14,3
DA:16,3
DA:18,3
DA:19,3
DA:20,3
DA:21,3
DA:23,3
DA:24,3
DA:27,3
DA:28,3
DA:30,3
DA:31,3
DA:32,3
DA:34,3
DA:35,3
DA:38,3
DA:39,7
DA:41,4
DA:42,4
DA:43,2
DA:44,2
DA:48,3
LF:25
LH:25
BRDA:28,0,0,3
BRDA:28,0,1,1
BRDA:34,1,0,1
BRDA:34,1,1,2
BRDA:42,2,0,2
BRDA:42,2,1,2
BRF:6
BRH:6
end_of_record
TN:
SF:src/components/shared/menu/TheFloatMenuVertical.vue
FN:18,(anonymous_0)
FN:23,(anonymous_1)
FN:27,(anonymous_2)
FN:30,(anonymous_3)
FN:39,(anonymous_4)
FN:40,(anonymous_5)
FNF:6
FNH:6
FNDA:1,(anonymous_0)
FNDA:1,(anonymous_1)
FNDA:3,(anonymous_2)
FNDA:3,(anonymous_3)
FNDA:3,(anonymous_4)
FNDA:2,(anonymous_5)
DA:11,1
DA:12,1
DA:13,1
DA:14,1
DA:16,1
DA:18,1
DA:19,1
DA:20,1
DA:21,1
DA:23,1
DA:24,1
DA:27,1
DA:28,3
DA:30,1
DA:31,3
DA:32,3
DA:34,3
DA:35,3
DA:38,1
DA:39,3
DA:41,2
DA:42,2
DA:43,1
DA:44,1
DA:48,1
LF:25
LH:25
BRDA:28,0,0,3
BRDA:28,0,1,1
BRDA:34,1,0,1
BRDA:34,1,1,2
BRDA:42,2,0,1
BRDA:42,2,1,1
BRF:6
BRH:6
end_of_record
TN:
SF:src/components/shared/menu/controllers/AnimeMenu.ts
FN:7,(anonymous_0)
FN:12,(anonymous_1)
FNF:2
FNH:2
FNDA:4,(anonymous_0)
FNDA:4,(anonymous_1)
DA:1,4
DA:2,4
DA:4,4
DA:8,4
DA:9,4
DA:13,4
LF:6
LH:6
BRF:0
BRH:0
end_of_record
TN:
SF:src/components/shared/paragraph/TheParagraph.vue
FN:30,(anonymous_0)
FN:33,(anonymous_1)
FN:34,(anonymous_2)
FNF:3
FNH:3
FNDA:4,(anonymous_0)
FNDA:4,(anonymous_1)
FNDA:4,(anonymous_2)
DA:15,1
DA:17,1
DA:30,4
DA:34,4
DA:35,4
DA:42,4
LF:6
LH:6
BRDA:37,0,0,4
BRDA:37,0,1,3
BRDA:37,0,2,3
BRDA:37,0,3,1
BRF:4
BRH:4
end_of_record
TN:
SF:src/components/shared/paragraph/TheTitle.vue
FNF:0
FNH:0
DA:11,1
DA:13,1
LF:2
LH:2
BRF:0
BRH:0
end_of_record
TN:
SF:src/components/shared/search/TheSearch.vue
FN:18,(anonymous_0)
FN:21,(anonymous_1)
FNF:2
FNH:2
FNDA:1,(anonymous_0)
FNDA:6,(anonymous_1)
DA:12,1
DA:13,1
DA:15,1
DA:18,1
DA:19,1
DA:21,3
DA:22,5
DA:23,1
DA:24,2
DA:25,1
DA:29,1
LF:11
LH:11
BRDA:22,0,0,2
BRDA:22,0,1,1
BRF:2
BRH:2
end_of_record
TN:
SF:src/components/shared/search/TheSearchNotFound.vue
FNF:0
FNH:0
DA:10,2
DA:12,2
LF:2
LH:2
BRF:0
BRH:0
end_of_record
TN:
SF:src/components/shared/search/TheSearchResult.vue
FNF:0
FNH:0
DA:11,1
DA:13,1
LF:2
LH:2
BRF:0
BRH:0
end_of_record
TN:
SF:src/components/shared/slider/BaseHorizontalGallerySlider.vue
FN:82,(anonymous_0)
FN:88,(anonymous_1)
FN:93,(anonymous_2)
FN:96,(anonymous_3)
FN:110,(anonymous_4)
FN:115,(anonymous_5)
FN:124,(anonymous_6)
FN:129,(anonymous_7)
FN:135,(anonymous_8)
FN:137,(anonymous_9)
FN:139,(anonymous_10)
FN:142,(anonymous_11)
FN:143,(anonymous_12)
FNF:13
FNH:13
FNDA:3,(anonymous_0)
FNDA:3,(anonymous_1)
FNDA:3,(anonymous_2)
FNDA:9,(anonymous_3)
FNDA:3,(anonymous_4)
FNDA:3,(anonymous_5)
FNDA:3,(anonymous_6)
FNDA:3,(anonymous_7)
FNDA:2,(anonymous_8)
FNDA:5,(anonymous_9)
FNDA:5,(anonymous_10)
FNDA:1,(anonymous_11)
FNDA:3,(anonymous_12)
DA:64,1
DA:65,1
DA:66,1
DA:68,1
DA:70,1
DA:83,3
DA:84,3
DA:85,3
DA:86,3
DA:88,3
DA:89,3
DA:90,3
DA:93,3
DA:94,3
DA:95,3
DA:97,9
DA:107,3
DA:110,3
DA:111,3
DA:112,3
DA:115,3
DA:116,3
DA:119,3
DA:121,3
DA:122,3
DA:124,3
DA:125,3
DA:126,3
DA:129,3
DA:130,3
DA:131,3
DA:132,3
DA:135,3
DA:136,2
DA:137,5
DA:138,2
DA:139,5
DA:142,3
DA:143,3
DA:146,3
LF:40
LH:40
BRDA:94,0,0,3
BRDA:94,0,1,1
BRDA:107,1,0,1
BRDA:107,1,1,2
BRDA:119,2,0,2
BRDA:119,2,1,1
BRDA:119,3,0,3
BRDA:119,3,1,3
BRDA:132,4,0,2
BRDA:132,4,1,1
BRDA:136,5,0,1
BRDA:136,5,1,1
BRDA:138,6,0,1
BRDA:138,6,1,1
BRF:14
BRH:14
end_of_record
TN:
SF:src/components/shared/slider/BaseHorizontalSlider.vue
FN:88,(anonymous_0)
FN:93,(anonymous_1)
FN:97,(anonymous_2)
FN:111,(anonymous_3)
FN:120,(anonymous_4)
FN:125,(anonymous_5)
FN:131,(anonymous_6)
FN:133,(anonymous_7)
FN:135,(anonymous_8)
FN:138,(anonymous_9)
FN:139,(anonymous_10)
FNF:11
FNH:11
FNDA:3,(anonymous_0)
FNDA:3,(anonymous_1)
FNDA:7,(anonymous_2)
FNDA:3,(anonymous_3)
FNDA:3,(anonymous_4)
FNDA:3,(anonymous_5)
FNDA:2,(anonymous_6)
FNDA:5,(anonymous_7)
FNDA:5,(anonymous_8)
FNDA:1,(anonymous_9)
FNDA:1,(anonymous_10)
DA:70,2
DA:71,2
DA:72,2
DA:74,2
DA:76,2
DA:89,3
DA:91,3
DA:93,3
DA:94,3
DA:95,3
DA:96,3
DA:98,7
DA:101,7
DA:102,7
DA:108,3
DA:111,3
DA:112,3
DA:115,3
DA:117,3
DA:118,3
DA:120,3
DA:121,3
DA:122,3
DA:125,3
DA:126,3
DA:127,3
DA:128,3
DA:131,3
DA:132,2
DA:133,5
DA:134,2
DA:135,5
DA:138,3
DA:139,1
DA:142,3
LF:35
LH:35
BRDA:95,0,0,3
BRDA:95,0,1,1
BRDA:115,1,0,2
BRDA:115,1,1,1
BRDA:115,2,0,3
BRDA:115,2,1,3
BRDA:128,3,0,2
BRDA:128,3,1,1
BRDA:132,4,0,1
BRDA:132,4,1,1
BRDA:134,5,0,1
BRDA:134,5,1,1
BRF:12
BRH:12
end_of_record
TN:
SF:src/components/shared/slider/controller/HorizontalGallerySliderController.ts
FN:15,(anonymous_0)
FN:39,(anonymous_1)
FN:44,(anonymous_2)
FN:50,(anonymous_3)
FN:54,(anonymous_4)
FN:60,(anonymous_5)
FN:66,(anonymous_6)
FN:70,(anonymous_7)
FN:80,(anonymous_8)
FN:86,(anonymous_9)
FN:93,(anonymous_10)
FN:99,(anonymous_11)
FNF:12
FNH:12
FNDA:11,(anonymous_0)
FNDA:117,(anonymous_1)
FNDA:11,(anonymous_2)
FNDA:79,(anonymous_3)
FNDA:10,(anonymous_4)
FNDA:10,(anonymous_5)
FNDA:1,(anonymous_6)
FNDA:24,(anonymous_7)
FNDA:14,(anonymous_8)
FNDA:24,(anonymous_9)
FNDA:24,(anonymous_10)
FNDA:24,(anonymous_11)
DA:2,2
DA:9,2
DA:21,11
DA:23,11
DA:24,1
DA:26,10
DA:27,10
DA:29,10
DA:30,10
DA:32,10
DA:33,10
DA:34,10
DA:35,10
DA:36,10
DA:40,117
DA:41,117
DA:45,11
DA:46,11
DA:47,11
DA:51,79
DA:55,10
DA:56,10
DA:57,10
DA:61,10
DA:62,10
DA:63,10
DA:67,1
DA:71,24
DA:72,24
DA:74,24
DA:75,21
DA:76,3
DA:77,18
DA:81,14
DA:82,6
DA:83,8
DA:87,24
DA:94,24
DA:95,24
DA:96,24
DA:100,24
LF:41
LH:41
BRDA:23,0,0,1
BRDA:23,0,1,10
BRDA:26,1,0,10
BRDA:26,1,1,10
BRDA:32,2,0,10
BRDA:32,2,1,1
BRDA:56,3,0,6
BRDA:56,3,1,4
BRDA:74,4,0,3
BRDA:74,4,1,21
BRDA:74,5,0,24
BRDA:74,5,1,10
BRDA:75,6,0,3
BRDA:75,6,1,18
BRDA:75,7,0,21
BRDA:75,7,1,14
BRDA:81,8,0,6
BRDA:81,8,1,8
BRDA:82,9,0,2
BRDA:82,9,1,4
BRDA:83,10,0,2
BRDA:83,10,1,6
BRF:22
BRH:22
end_of_record
TN:
SF:src/components/shared/slider/controller/HorizontalSlider.ts
FN:13,(anonymous_0)
FN:30,(anonymous_1)
FN:39,(anonymous_2)
FN:44,(anonymous_3)
FN:55,(anonymous_4)
FN:67,(anonymous_5)
FNF:6
FNH:6
FNDA:19,(anonymous_0)
FNDA:26,(anonymous_1)
FNDA:26,(anonymous_2)
FNDA:27,(anonymous_3)
FNDA:7,(anonymous_4)
FNDA:10,(anonymous_5)
DA:1,5
DA:5,5
DA:7,19
DA:14,19
DA:15,19
DA:16,19
DA:18,19
DA:19,19
DA:31,26
DA:32,26
DA:33,26
DA:34,26
DA:35,2
DA:36,2
DA:40,26
DA:41,26
DA:45,27
DA:56,7
DA:68,10
LF:19
LH:19
BRF:0
BRH:0
end_of_record
TN:
SF:src/components/shared/slider/controller/HorizontalSliderController.ts
FN:12,(anonymous_0)
FN:24,(anonymous_1)
FN:37,(anonymous_2)
FN:45,(anonymous_3)
FN:46,(anonymous_4)
FN:48,(anonymous_5)
FN:52,(anonymous_6)
FN:56,(anonymous_7)
FN:60,(anonymous_8)
FN:89,(anonymous_9)
FNF:10
FNH:10
FNDA:8,(anonymous_0)
FNDA:8,(anonymous_1)
FNDA:8,(anonymous_2)
FNDA:1,(anonymous_3)
FNDA:20,(anonymous_4)
FNDA:20,(anonymous_5)
FNDA:8,(anonymous_6)
FNDA:8,(anonymous_7)
FNDA:20,(anonymous_8)
FNDA:20,(anonymous_9)
DA:1,3
DA:7,3
DA:13,8
DA:14,8
DA:16,8
DA:17,8
DA:18,8
DA:19,8
DA:20,8
DA:21,8
DA:25,8
DA:26,8
DA:27,8
DA:28,8
DA:29,8
DA:30,8
DA:32,8
DA:34,8
DA:38,8
DA:39,8
DA:40,8
DA:42,8
DA:45,1
DA:46,20
DA:49,20
DA:53,8
DA:61,20
DA:62,14
DA:64,6
DA:65,6
DA:67,2
DA:68,2
DA:70,6
DA:71,6
DA:75,6
DA:77,1
DA:78,1
DA:80,2
DA:81,2
DA:83,3
DA:84,3
DA:90,20
DA:91,14
DA:92,14
DA:95,6
DA:96,6
LF:46
LH:46
BRDA:14,0,0,8
BRDA:14,0,1,1
BRDA:38,1,0,8
BRDA:38,1,1,8
BRDA:53,2,0,3
BRDA:53,2,1,5
BRDA:61,3,0,14
BRDA:61,3,1,6
BRDA:63,4,0,6
BRDA:63,4,1,2
BRDA:63,4,2,6
BRDA:76,5,0,1
BRDA:76,5,1,2
BRDA:76,5,2,3
BRDA:90,6,0,14
BRDA:90,6,1,6
BRDA:91,7,0,1
BRDA:91,7,1,13
BRDA:95,8,0,2
BRDA:95,8,1,4
BRF:20
BRH:20
end_of_record
TN:
SF:src/controllers/AnimationController.ts
FN:4,(anonymous_0)
FN:13,(anonymous_1)
FN:15,(anonymous_2)
FN:16,(anonymous_3)
FN:17,(anonymous_4)
FN:18,(anonymous_5)
FN:20,(anonymous_6)
FN:24,(anonymous_7)
FN:25,(anonymous_8)
FN:27,(anonymous_9)
FN:28,(anonymous_10)
FN:37,(anonymous_11)
FN:45,(anonymous_12)
FN:53,(anonymous_13)
FNF:14
FNH:14
FNDA:6,(anonymous_0)
FNDA:8,(anonymous_1)
FNDA:10,(anonymous_2)
FNDA:2,(anonymous_3)
FNDA:1,(anonymous_4)
FNDA:8,(anonymous_5)
FNDA:8,(anonymous_6)
FNDA:13,(anonymous_7)
FNDA:6,(anonymous_8)
FNDA:12,(anonymous_9)
FNDA:12,(anonymous_10)
FNDA:2,(anonymous_11)
FNDA:4,(anonymous_12)
FNDA:8,(anonymous_13)
DA:1,6
DA:2,6
DA:4,6
DA:5,6
DA:6,6
DA:9,6
DA:11,8
DA:15,10
DA:16,2
DA:17,1
DA:18,8
DA:21,8
DA:24,13
DA:25,6
DA:28,12
DA:29,12
DA:30,8
DA:32,8
DA:38,2
DA:39,1
DA:40,1
DA:41,1
DA:46,4
DA:47,3
DA:48,3
DA:49,3
DA:54,8
DA:55,8
LF:28
LH:28
BRDA:4,0,0,6
BRDA:4,0,1,6
BRDA:21,1,0,3
BRDA:21,1,1,5
BRDA:38,2,0,1
BRDA:38,2,1,1
BRDA:46,3,0,3
BRDA:46,3,1,1
BRF:8
BRH:8
end_of_record
TN:
SF:src/controllers/Anime.ts
FN:3,(anonymous_0)
FN:11,(anonymous_1)
FN:18,(anonymous_2)
FN:22,(anonymous_3)
FN:26,(anonymous_4)
FN:31,(anonymous_5)
FN:35,(anonymous_6)
FN:41,(anonymous_7)
FNF:8
FNH:8
FNDA:15,(anonymous_0)
FNDA:21,(anonymous_1)
FNDA:9,(anonymous_2)
FNDA:4,(anonymous_3)
FNDA:16,(anonymous_4)
FNDA:3,(anonymous_5)
FNDA:9,(anonymous_6)
FNDA:6,(anonymous_7)
DA:3,15
DA:4,15
DA:5,15
DA:8,15
DA:19,9
DA:23,4
DA:27,16
DA:28,16
DA:32,3
DA:36,9
DA:38,9
DA:42,6
DA:44,6
LF:13
LH:13
BRDA:3,0,0,15
BRDA:3,0,1,15
BRF:2
BRH:2
end_of_record
TN:
SF:src/controllers/AnimeEntry.ts
FN:14,(anonymous_0)
FN:23,(anonymous_1)
FNF:2
FNH:2
FNDA:1,(anonymous_0)
FNDA:1,(anonymous_1)
DA:1,4
DA:2,4
DA:11,4
DA:19,1
DA:20,1
DA:28,1
DA:37,1
DA:45,1
LF:8
LH:8
BRF:0
BRH:0
end_of_record
TN:
SF:src/controllers/Observer.ts
FN:11,(anonymous_0)
FN:16,(anonymous_1)
FN:19,(anonymous_2)
FN:22,(anonymous_3)
FNF:4
FNH:4
FNDA:15,(anonymous_0)
FNDA:8,(anonymous_1)
FNDA:5,(anonymous_2)
FNDA:4,(anonymous_3)
DA:1,8
DA:7,8
DA:12,15
DA:13,15
DA:17,8
DA:20,5
DA:23,4
LF:7
LH:7
BRDA:11,0,0,15
BRF:1
BRH:1
end_of_record
TN:
SF:src/controllers/Provider.ts
FN:6,(anonymous_0)
FN:10,(anonymous_1)
FN:14,(anonymous_2)
FNF:3
FNH:3
FNDA:18,(anonymous_0)
FNDA:4,(anonymous_1)
FNDA:1,(anonymous_2)
DA:1,10
DA:3,10
DA:7,18
DA:11,4
DA:15,1
LF:5
LH:5
BRF:0
BRH:0
end_of_record
TN:
SF:src/helpers/optimizedResizeEvent.ts
FN:5,(anonymous_0)
FN:10,(anonymous_1)
FN:11,(anonymous_2)
FN:15,(anonymous_3)
FN:19,(anonymous_4)
FN:25,(anonymous_5)
FN:29,(anonymous_6)
FNF:7
FNH:7
FNDA:5,(anonymous_0)
FNDA:1,(anonymous_1)
FNDA:2,(anonymous_2)
FNDA:2,(anonymous_3)
FNDA:1,(anonymous_4)
FNDA:5,(anonymous_5)
FNDA:5,(anonymous_6)
DA:2,5
DA:3,5
DA:6,5
DA:7,5
DA:11,2
DA:12,1
DA:16,2
DA:17,1
DA:18,1
DA:19,1
DA:26,5
DA:30,5
DA:31,4
DA:32,5
DA:36,5
LF:15
LH:15
BRDA:16,0,0,1
BRDA:16,0,1,1
BRDA:30,1,0,4
BRDA:30,1,1,1
BRF:4
BRH:4
end_of_record
TN:
SF:src/helpers/utils.ts
FN:3,numberToReal
FN:10,isMobile
FN:14,getGridColumnsQty
FN:23,onClickOutside
FN:27,(anonymous_4)
FN:37,isOdd
FN:41,madeOddArray
FN:47,getElement
FN:53,injectStrict
FNF:9
FNH:9
FNDA:1,numberToReal
FNDA:4,isMobile
FNDA:7,getGridColumnsQty
FNDA:9,onClickOutside
FNDA:9,(anonymous_4)
FNDA:8,isOdd
FNDA:2,madeOddArray
FNDA:9,getElement
FNDA:4,injectStrict
DA:1,12
DA:3,12
DA:4,1
DA:10,12
DA:11,4
DA:14,12
DA:15,7
DA:17,7
DA:18,6
DA:19,5
DA:20,4
DA:23,12
DA:27,9
DA:28,9
DA:30,9
DA:32,9
DA:34,9
DA:37,12
DA:38,8
DA:41,12
DA:42,2
DA:44,1
DA:47,12
DA:48,9
DA:50,8
DA:53,12
DA:54,4
DA:55,4
DA:57,3
LF:29
LH:29
BRDA:17,0,0,1
BRDA:17,0,1,6
BRDA:18,1,0,1
BRDA:18,1,1,5
BRDA:19,2,0,1
BRDA:19,2,1,4
BRDA:28,3,0,9
BRDA:28,3,1,8
BRDA:34,4,0,9
BRDA:34,4,1,4
BRDA:42,5,0,1
BRDA:42,5,1,1
BRDA:48,6,0,1
BRDA:48,6,1,8
BRDA:55,7,0,1
BRDA:55,7,1,3
BRF:16
BRH:16
end_of_record
TN:
SF:src/state/State.ts
FN:7,(anonymous_0)
FN:15,(anonymous_1)
FNF:2
FNH:2
FNDA:1,(anonymous_0)
FNDA:1,(anonymous_1)
DA:1,1
DA:2,1
DA:4,1
DA:8,1
DA:9,1
DA:10,1
DA:16,1
LF:7
LH:7
BRF:0
BRH:0
end_of_record
